{"meta": {"format": 3, "version": "7.10.7", "timestamp": "2025-09-24T04:48:38.266785", "branch_coverage": false, "show_contexts": false}, "files": {"main.py": {"executed_lines": [2, 7, 8, 9, 10, 11, 14, 15, 16, 17, 18, 19, 20, 21, 22, 23, 24, 25, 26, 27, 28, 31, 34, 38, 40, 41, 66, 88, 131, 174, 216, 321, 354, 361, 366, 398], "summary": {"covered_lines": 35, "num_statements": 182, "percent_covered": 19.23076923076923, "percent_covered_display": "19", "missing_lines": 147, "excluded_lines": 0}, "missing_lines": [42, 43, 44, 47, 48, 50, 51, 52, 53, 54, 55, 56, 57, 58, 59, 60, 63, 64, 69, 72, 75, 78, 84, 90, 91, 92, 94, 95, 98, 106, 114, 123, 124, 125, 127, 128, 129, 133, 134, 136, 159, 162, 170, 171, 172, 176, 177, 180, 183, 185, 201, 204, 212, 213, 214, 218, 219, 220, 223, 224, 228, 231, 232, 233, 237, 240, 241, 242, 247, 251, 254, 255, 259, 262, 265, 274, 281, 288, 289, 292, 293, 294, 295, 296, 297, 298, 299, 300, 301, 302, 305, 306, 309, 317, 318, 319, 323, 324, 325, 326, 328, 331, 332, 334, 335, 336, 337, 338, 339, 340, 341, 342, 343, 344, 347, 348, 350, 351, 352, 356, 357, 358, 359, 363, 364, 368, 369, 372, 373, 374, 376, 378, 379, 380, 381, 382, 384, 386, 387, 388, 389, 391, 393, 395, 396, 399, 400], "excluded_lines": [], "functions": {"TelegramBot.__init__": {"executed_lines": [], "summary": {"covered_lines": 0, "num_statements": 18, "percent_covered": 0.0, "percent_covered_display": "0", "missing_lines": 18, "excluded_lines": 0}, "missing_lines": [42, 43, 44, 47, 48, 50, 51, 52, 53, 54, 55, 56, 57, 58, 59, 60, 63, 64], "excluded_lines": []}, "TelegramBot._setup_handlers": {"executed_lines": [], "summary": {"covered_lines": 0, "num_statements": 5, "percent_covered": 0.0, "percent_covered_display": "0", "missing_lines": 5, "excluded_lines": 0}, "missing_lines": [69, 72, 75, 78, 84], "excluded_lines": []}, "TelegramBot.start_command": {"executed_lines": [], "summary": {"covered_lines": 0, "num_statements": 14, "percent_covered": 0.0, "percent_covered_display": "0", "missing_lines": 14, "excluded_lines": 0}, "missing_lines": [90, 91, 92, 94, 95, 98, 106, 114, 123, 124, 125, 127, 128, 129], "excluded_lines": []}, "TelegramBot.help_command": {"executed_lines": [], "summary": {"covered_lines": 0, "num_statements": 8, "percent_covered": 0.0, "percent_covered_display": "0", "missing_lines": 8, "excluded_lines": 0}, "missing_lines": [133, 134, 136, 159, 162, 170, 171, 172], "excluded_lines": []}, "TelegramBot.status_command": {"executed_lines": [], "summary": {"covered_lines": 0, "num_statements": 10, "percent_covered": 0.0, "percent_covered_display": "0", "missing_lines": 10, "excluded_lines": 0}, "missing_lines": [176, 177, 180, 183, 185, 201, 204, 212, 213, 214], "excluded_lines": []}, "TelegramBot.handle_message": {"executed_lines": [], "summary": {"covered_lines": 0, "num_statements": 41, "percent_covered": 0.0, "percent_covered_display": "0", "missing_lines": 41, "excluded_lines": 0}, "missing_lines": [218, 219, 220, 223, 224, 228, 231, 232, 233, 237, 240, 241, 242, 247, 251, 254, 255, 259, 262, 265, 274, 281, 288, 289, 292, 293, 294, 295, 296, 297, 298, 299, 300, 301, 302, 305, 306, 309, 317, 318, 319], "excluded_lines": []}, "TelegramBot.handle_callback_query": {"executed_lines": [], "summary": {"covered_lines": 0, "num_statements": 23, "percent_covered": 0.0, "percent_covered_display": "0", "missing_lines": 23, "excluded_lines": 0}, "missing_lines": [323, 324, 325, 326, 328, 331, 332, 334, 335, 336, 337, 338, 339, 340, 341, 342, 343, 344, 347, 348, 350, 351, 352], "excluded_lines": []}, "TelegramBot._handle_critical_error": {"executed_lines": [], "summary": {"covered_lines": 0, "num_statements": 4, "percent_covered": 0.0, "percent_covered_display": "0", "missing_lines": 4, "excluded_lines": 0}, "missing_lines": [356, 357, 358, 359], "excluded_lines": []}, "TelegramBot.run": {"executed_lines": [], "summary": {"covered_lines": 0, "num_statements": 2, "percent_covered": 0.0, "percent_covered_display": "0", "missing_lines": 2, "excluded_lines": 0}, "missing_lines": [363, 364], "excluded_lines": []}, "main": {"executed_lines": [], "summary": {"covered_lines": 0, "num_statements": 15, "percent_covered": 0.0, "percent_covered_display": "0", "missing_lines": 15, "excluded_lines": 0}, "missing_lines": [368, 369, 372, 373, 374, 376, 378, 386, 387, 388, 389, 391, 393, 395, 396], "excluded_lines": []}, "main.run_bot": {"executed_lines": [], "summary": {"covered_lines": 0, "num_statements": 5, "percent_covered": 0.0, "percent_covered_display": "0", "missing_lines": 5, "excluded_lines": 0}, "missing_lines": [379, 380, 381, 382, 384], "excluded_lines": []}, "": {"executed_lines": [2, 7, 8, 9, 10, 11, 14, 15, 16, 17, 18, 19, 20, 21, 22, 23, 24, 25, 26, 27, 28, 31, 34, 38, 40, 41, 66, 88, 131, 174, 216, 321, 354, 361, 366, 398], "summary": {"covered_lines": 35, "num_statements": 37, "percent_covered": 94.5945945945946, "percent_covered_display": "95", "missing_lines": 2, "excluded_lines": 0}, "missing_lines": [399, 400], "excluded_lines": []}}, "classes": {"TelegramBot": {"executed_lines": [], "summary": {"covered_lines": 0, "num_statements": 125, "percent_covered": 0.0, "percent_covered_display": "0", "missing_lines": 125, "excluded_lines": 0}, "missing_lines": [42, 43, 44, 47, 48, 50, 51, 52, 53, 54, 55, 56, 57, 58, 59, 60, 63, 64, 69, 72, 75, 78, 84, 90, 91, 92, 94, 95, 98, 106, 114, 123, 124, 125, 127, 128, 129, 133, 134, 136, 159, 162, 170, 171, 172, 176, 177, 180, 183, 185, 201, 204, 212, 213, 214, 218, 219, 220, 223, 224, 228, 231, 232, 233, 237, 240, 241, 242, 247, 251, 254, 255, 259, 262, 265, 274, 281, 288, 289, 292, 293, 294, 295, 296, 297, 298, 299, 300, 301, 302, 305, 306, 309, 317, 318, 319, 323, 324, 325, 326, 328, 331, 332, 334, 335, 336, 337, 338, 339, 340, 341, 342, 343, 344, 347, 348, 350, 351, 352, 356, 357, 358, 359, 363, 364], "excluded_lines": []}, "": {"executed_lines": [2, 7, 8, 9, 10, 11, 14, 15, 16, 17, 18, 19, 20, 21, 22, 23, 24, 25, 26, 27, 28, 31, 34, 38, 40, 41, 66, 88, 131, 174, 216, 321, 354, 361, 366, 398], "summary": {"covered_lines": 35, "num_statements": 57, "percent_covered": 61.40350877192982, "percent_covered_display": "61", "missing_lines": 22, "excluded_lines": 0}, "missing_lines": [368, 369, 372, 373, 374, 376, 378, 379, 380, 381, 382, 384, 386, 387, 388, 389, 391, 393, 395, 396, 399, 400], "excluded_lines": []}}}, "modules/__init__.py": {"executed_lines": [1], "summary": {"covered_lines": 0, "num_statements": 0, "percent_covered": 100.0, "percent_covered_display": "100", "missing_lines": 0, "excluded_lines": 0}, "missing_lines": [], "excluded_lines": [], "functions": {"": {"executed_lines": [1], "summary": {"covered_lines": 0, "num_statements": 0, "percent_covered": 100.0, "percent_covered_display": "100", "missing_lines": 0, "excluded_lines": 0}, "missing_lines": [], "excluded_lines": []}}, "classes": {"": {"executed_lines": [1], "summary": {"covered_lines": 0, "num_statements": 0, "percent_covered": 100.0, "percent_covered_display": "100", "missing_lines": 0, "excluded_lines": 0}, "missing_lines": [], "excluded_lines": []}}}, "modules/admin_notifications.py": {"executed_lines": [2, 7, 8, 9, 10, 11, 12, 15, 17, 19, 20, 22, 23, 24, 26, 30, 55, 71, 86, 105, 123, 136, 150, 162, 167], "summary": {"covered_lines": 23, "num_statements": 54, "percent_covered": 42.592592592592595, "percent_covered_display": "43", "missing_lines": 31, "excluded_lines": 0}, "missing_lines": [27, 28, 32, 33, 34, 35, 36, 39, 42, 48, 49, 51, 52, 53, 57, 58, 69, 73, 84, 88, 103, 107, 121, 125, 126, 134, 138, 148, 152, 160, 164], "excluded_lines": [], "functions": {"AdminNotificationService.__init__": {"executed_lines": [23, 24, 26], "summary": {"covered_lines": 3, "num_statements": 5, "percent_covered": 60.0, "percent_covered_display": "60", "missing_lines": 2, "excluded_lines": 0}, "missing_lines": [27, 28], "excluded_lines": []}, "AdminNotificationService.send_notification": {"executed_lines": [], "summary": {"covered_lines": 0, "num_statements": 12, "percent_covered": 0.0, "percent_covered_display": "0", "missing_lines": 12, "excluded_lines": 0}, "missing_lines": [32, 33, 34, 35, 36, 39, 42, 48, 49, 51, 52, 53], "excluded_lines": []}, "AdminNotificationService.notify_new_user": {"executed_lines": [], "summary": {"covered_lines": 0, "num_statements": 3, "percent_covered": 0.0, "percent_covered_display": "0", "missing_lines": 3, "excluded_lines": 0}, "missing_lines": [57, 58, 69], "excluded_lines": []}, "AdminNotificationService.notify_regular_plan_request": {"executed_lines": [], "summary": {"covered_lines": 0, "num_statements": 2, "percent_covered": 0.0, "percent_covered_display": "0", "missing_lines": 2, "excluded_lines": 0}, "missing_lines": [73, 84], "excluded_lines": []}, "AdminNotificationService.notify_donation_confirmation": {"executed_lines": [], "summary": {"covered_lines": 0, "num_statements": 2, "percent_covered": 0.0, "percent_covered_display": "0", "missing_lines": 2, "excluded_lines": 0}, "missing_lines": [88, 103], "excluded_lines": []}, "AdminNotificationService.notify_setup_complete": {"executed_lines": [], "summary": {"covered_lines": 0, "num_statements": 2, "percent_covered": 0.0, "percent_covered_display": "0", "missing_lines": 2, "excluded_lines": 0}, "missing_lines": [107, 121], "excluded_lines": []}, "AdminNotificationService.notify_error": {"executed_lines": [], "summary": {"covered_lines": 0, "num_statements": 3, "percent_covered": 0.0, "percent_covered_display": "0", "missing_lines": 3, "excluded_lines": 0}, "missing_lines": [125, 126, 134], "excluded_lines": []}, "AdminNotificationService.notify_payment": {"executed_lines": [], "summary": {"covered_lines": 0, "num_statements": 2, "percent_covered": 0.0, "percent_covered_display": "0", "missing_lines": 2, "excluded_lines": 0}, "missing_lines": [138, 148], "excluded_lines": []}, "AdminNotificationService.notify_help_request": {"executed_lines": [], "summary": {"covered_lines": 0, "num_statements": 2, "percent_covered": 0.0, "percent_covered_display": "0", "missing_lines": 2, "excluded_lines": 0}, "missing_lines": [152, 160], "excluded_lines": []}, "AdminNotificationService._get_current_time": {"executed_lines": [], "summary": {"covered_lines": 0, "num_statements": 1, "percent_covered": 0.0, "percent_covered_display": "0", "missing_lines": 1, "excluded_lines": 0}, "missing_lines": [164], "excluded_lines": []}, "": {"executed_lines": [2, 7, 8, 9, 10, 11, 12, 15, 17, 19, 20, 22, 30, 55, 71, 86, 105, 123, 136, 150, 162, 167], "summary": {"covered_lines": 20, "num_statements": 20, "percent_covered": 100.0, "percent_covered_display": "100", "missing_lines": 0, "excluded_lines": 0}, "missing_lines": [], "excluded_lines": []}}, "classes": {"AdminNotificationService": {"executed_lines": [23, 24, 26], "summary": {"covered_lines": 3, "num_statements": 34, "percent_covered": 8.823529411764707, "percent_covered_display": "9", "missing_lines": 31, "excluded_lines": 0}, "missing_lines": [27, 28, 32, 33, 34, 35, 36, 39, 42, 48, 49, 51, 52, 53, 57, 58, 69, 73, 84, 88, 103, 107, 121, 125, 126, 134, 138, 148, 152, 160, 164], "excluded_lines": []}, "": {"executed_lines": [2, 7, 8, 9, 10, 11, 12, 15, 17, 19, 20, 22, 30, 55, 71, 86, 105, 123, 136, 150, 162, 167], "summary": {"covered_lines": 20, "num_statements": 20, "percent_covered": 100.0, "percent_covered_display": "100", "missing_lines": 0, "excluded_lines": 0}, "missing_lines": [], "excluded_lines": []}}}, "modules/analytics.py": {"executed_lines": [1, 6, 7, 8, 9, 10, 11, 13, 15, 16, 18, 28, 53, 78, 103, 121, 181, 219, 308, 358, 412, 455, 469, 483], "summary": {"covered_lines": 22, "num_statements": 187, "percent_covered": 11.764705882352942, "percent_covered_display": "12", "missing_lines": 165, "excluded_lines": 0}, "missing_lines": [19, 20, 30, 31, 39, 48, 50, 51, 55, 56, 64, 73, 75, 76, 80, 81, 89, 98, 100, 101, 105, 106, 113, 116, 118, 119, 123, 125, 128, 133, 134, 135, 137, 138, 139, 140, 141, 142, 143, 144, 145, 146, 147, 150, 151, 152, 155, 158, 161, 163, 175, 177, 178, 179, 183, 184, 185, 188, 189, 190, 192, 193, 194, 197, 198, 199, 200, 201, 202, 203, 205, 208, 209, 210, 212, 213, 215, 216, 217, 221, 223, 224, 227, 228, 231, 235, 238, 239, 242, 247, 250, 257, 260, 265, 268, 274, 275, 277, 302, 304, 305, 306, 310, 311, 312, 315, 324, 326, 329, 330, 331, 333, 352, 354, 355, 356, 360, 361, 362, 365, 376, 378, 379, 382, 383, 385, 406, 408, 409, 410, 414, 415, 416, 417, 419, 449, 451, 452, 453, 457, 458, 460, 461, 463, 464, 465, 467, 471, 472, 475, 476, 478, 479, 481, 485, 486, 487, 488, 490, 497, 498, 500, 502, 503, 504], "excluded_lines": [], "functions": {"AnalyticsManager.__init__": {"executed_lines": [], "summary": {"covered_lines": 0, "num_statements": 2, "percent_covered": 0.0, "percent_covered_display": "0", "missing_lines": 2, "excluded_lines": 0}, "missing_lines": [19, 20], "excluded_lines": []}, "AnalyticsManager.track_user_action": {"executed_lines": [], "summary": {"covered_lines": 0, "num_statements": 6, "percent_covered": 0.0, "percent_covered_display": "0", "missing_lines": 6, "excluded_lines": 0}, "missing_lines": [30, 31, 39, 48, 50, 51], "excluded_lines": []}, "AnalyticsManager.track_conversion": {"executed_lines": [], "summary": {"covered_lines": 0, "num_statements": 6, "percent_covered": 0.0, "percent_covered_display": "0", "missing_lines": 6, "excluded_lines": 0}, "missing_lines": [55, 56, 64, 73, 75, 76], "excluded_lines": []}, "AnalyticsManager.track_feature_usage": {"executed_lines": [], "summary": {"covered_lines": 0, "num_statements": 6, "percent_covered": 0.0, "percent_covered_display": "0", "missing_lines": 6, "excluded_lines": 0}, "missing_lines": [80, 81, 89, 98, 100, 101], "excluded_lines": []}, "AnalyticsManager.track_error": {"executed_lines": [], "summary": {"covered_lines": 0, "num_statements": 6, "percent_covered": 0.0, "percent_covered_display": "0", "missing_lines": 6, "excluded_lines": 0}, "missing_lines": [105, 106, 113, 116, 118, 119], "excluded_lines": []}, "AnalyticsManager.get_user_analytics": {"executed_lines": [], "summary": {"covered_lines": 0, "num_statements": 28, "percent_covered": 0.0, "percent_covered_display": "0", "missing_lines": 28, "excluded_lines": 0}, "missing_lines": [123, 125, 128, 133, 134, 135, 137, 138, 139, 140, 141, 142, 143, 144, 145, 146, 147, 150, 151, 152, 155, 158, 161, 163, 175, 177, 178, 179], "excluded_lines": []}, "AnalyticsManager._calculate_engagement_score": {"executed_lines": [], "summary": {"covered_lines": 0, "num_statements": 25, "percent_covered": 0.0, "percent_covered_display": "0", "missing_lines": 25, "excluded_lines": 0}, "missing_lines": [183, 184, 185, 188, 189, 190, 192, 193, 194, 197, 198, 199, 200, 201, 202, 203, 205, 208, 209, 210, 212, 213, 215, 216, 217], "excluded_lines": []}, "AnalyticsManager.get_system_analytics": {"executed_lines": [], "summary": {"covered_lines": 0, "num_statements": 23, "percent_covered": 0.0, "percent_covered_display": "0", "missing_lines": 23, "excluded_lines": 0}, "missing_lines": [221, 223, 224, 227, 228, 231, 235, 238, 239, 242, 247, 250, 257, 260, 265, 268, 274, 275, 277, 302, 304, 305, 306], "excluded_lines": []}, "AnalyticsManager.get_conversion_funnel_analysis": {"executed_lines": [], "summary": {"covered_lines": 0, "num_statements": 14, "percent_covered": 0.0, "percent_covered_display": "0", "missing_lines": 14, "excluded_lines": 0}, "missing_lines": [310, 311, 312, 315, 324, 326, 329, 330, 331, 333, 352, 354, 355, 356], "excluded_lines": []}, "AnalyticsManager.get_user_engagement_analysis": {"executed_lines": [], "summary": {"covered_lines": 0, "num_statements": 14, "percent_covered": 0.0, "percent_covered_display": "0", "missing_lines": 14, "excluded_lines": 0}, "missing_lines": [360, 361, 362, 365, 376, 378, 379, 382, 383, 385, 406, 408, 409, 410], "excluded_lines": []}, "AnalyticsManager.generate_analytics_report": {"executed_lines": [], "summary": {"covered_lines": 0, "num_statements": 9, "percent_covered": 0.0, "percent_covered_display": "0", "missing_lines": 9, "excluded_lines": 0}, "missing_lines": [414, 415, 416, 417, 419, 449, 451, 452, 453], "excluded_lines": []}, "AnalyticsManager._format_subscription_distribution": {"executed_lines": [], "summary": {"covered_lines": 0, "num_statements": 8, "percent_covered": 0.0, "percent_covered_display": "0", "missing_lines": 8, "excluded_lines": 0}, "missing_lines": [457, 458, 460, 461, 463, 464, 465, 467], "excluded_lines": []}, "AnalyticsManager._format_feature_usage": {"executed_lines": [], "summary": {"covered_lines": 0, "num_statements": 7, "percent_covered": 0.0, "percent_covered_display": "0", "missing_lines": 7, "excluded_lines": 0}, "missing_lines": [471, 472, 475, 476, 478, 479, 481], "excluded_lines": []}, "AnalyticsManager.export_analytics_data": {"executed_lines": [], "summary": {"covered_lines": 0, "num_statements": 11, "percent_covered": 0.0, "percent_covered_display": "0", "missing_lines": 11, "excluded_lines": 0}, "missing_lines": [485, 486, 487, 488, 490, 497, 498, 500, 502, 503, 504], "excluded_lines": []}, "": {"executed_lines": [1, 6, 7, 8, 9, 10, 11, 13, 15, 16, 18, 28, 53, 78, 103, 121, 181, 219, 308, 358, 412, 455, 469, 483], "summary": {"covered_lines": 22, "num_statements": 22, "percent_covered": 100.0, "percent_covered_display": "100", "missing_lines": 0, "excluded_lines": 0}, "missing_lines": [], "excluded_lines": []}}, "classes": {"AnalyticsManager": {"executed_lines": [], "summary": {"covered_lines": 0, "num_statements": 165, "percent_covered": 0.0, "percent_covered_display": "0", "missing_lines": 165, "excluded_lines": 0}, "missing_lines": [19, 20, 30, 31, 39, 48, 50, 51, 55, 56, 64, 73, 75, 76, 80, 81, 89, 98, 100, 101, 105, 106, 113, 116, 118, 119, 123, 125, 128, 133, 134, 135, 137, 138, 139, 140, 141, 142, 143, 144, 145, 146, 147, 150, 151, 152, 155, 158, 161, 163, 175, 177, 178, 179, 183, 184, 185, 188, 189, 190, 192, 193, 194, 197, 198, 199, 200, 201, 202, 203, 205, 208, 209, 210, 212, 213, 215, 216, 217, 221, 223, 224, 227, 228, 231, 235, 238, 239, 242, 247, 250, 257, 260, 265, 268, 274, 275, 277, 302, 304, 305, 306, 310, 311, 312, 315, 324, 326, 329, 330, 331, 333, 352, 354, 355, 356, 360, 361, 362, 365, 376, 378, 379, 382, 383, 385, 406, 408, 409, 410, 414, 415, 416, 417, 419, 449, 451, 452, 453, 457, 458, 460, 461, 463, 464, 465, 467, 471, 472, 475, 476, 478, 479, 481, 485, 486, 487, 488, 490, 497, 498, 500, 502, 503, 504], "excluded_lines": []}, "": {"executed_lines": [1, 6, 7, 8, 9, 10, 11, 13, 15, 16, 18, 28, 53, 78, 103, 121, 181, 219, 308, 358, 412, 455, 469, 483], "summary": {"covered_lines": 22, "num_statements": 22, "percent_covered": 100.0, "percent_covered_display": "100", "missing_lines": 0, "excluded_lines": 0}, "missing_lines": [], "excluded_lines": []}}}, "modules/database.py": {"executed_lines": [1, 6, 7, 8, 9, 10, 12, 14, 15, 16, 17, 19, 21, 22, 23, 26, 45, 57, 71, 85, 102, 128, 148, 162, 177, 178, 179, 180, 181, 182, 183, 184, 186, 187, 196, 198, 199, 200, 203, 209, 215, 220, 221, 230, 232, 233, 234, 235, 236, 238, 240, 241, 242, 243, 247, 249, 251, 252, 253, 254, 255, 256, 259, 265, 289, 305, 321, 339, 349, 363, 381, 394, 407, 420, 437, 465, 477, 490, 503, 517, 531, 544, 580, 605, 622, 648, 667], "summary": {"covered_lines": 86, "num_statements": 304, "percent_covered": 28.289473684210527, "percent_covered_display": "28", "missing_lines": 218, "excluded_lines": 0}, "missing_lines": [189, 190, 191, 192, 193, 194, 223, 224, 225, 226, 227, 228, 257, 261, 262, 263, 267, 268, 271, 272, 273, 274, 275, 277, 279, 284, 285, 286, 287, 291, 292, 293, 299, 300, 301, 302, 303, 307, 308, 310, 311, 313, 318, 319, 323, 324, 325, 326, 328, 329, 330, 332, 333, 334, 335, 336, 337, 341, 342, 343, 347, 351, 352, 353, 357, 358, 359, 366, 367, 368, 374, 378, 379, 384, 385, 386, 391, 392, 396, 397, 398, 403, 404, 405, 409, 410, 411, 416, 417, 418, 422, 423, 424, 433, 434, 435, 439, 442, 443, 445, 446, 447, 448, 450, 451, 453, 455, 456, 457, 462, 463, 467, 468, 469, 470, 472, 473, 474, 475, 480, 481, 482, 487, 488, 492, 493, 494, 499, 500, 501, 505, 506, 507, 512, 513, 514, 515, 520, 521, 522, 528, 529, 533, 534, 535, 540, 541, 542, 546, 547, 550, 551, 553, 554, 556, 557, 559, 560, 562, 563, 566, 568, 583, 584, 585, 586, 598, 599, 600, 601, 602, 603, 607, 608, 609, 610, 613, 614, 615, 616, 617, 618, 619, 620, 625, 626, 627, 628, 629, 636, 641, 642, 643, 644, 645, 646, 650, 651, 652, 653, 658, 659, 660, 661, 662, 663, 664, 665, 669, 670, 671, 672, 678, 679, 680, 681, 682, 683], "excluded_lines": [], "functions": {"DatabaseManager.__init__": {"executed_lines": [16, 17], "summary": {"covered_lines": 2, "num_statements": 2, "percent_covered": 100.0, "percent_covered_display": "100", "missing_lines": 0, "excluded_lines": 0}, "missing_lines": [], "excluded_lines": []}, "DatabaseManager.init_database": {"executed_lines": [21, 22, 23, 26, 45, 57, 71, 85, 102, 128, 148, 162, 177, 178, 179, 180, 181, 182, 183, 184, 186, 187], "summary": {"covered_lines": 22, "num_statements": 28, "percent_covered": 78.57142857142857, "percent_covered_display": "79", "missing_lines": 6, "excluded_lines": 0}, "missing_lines": [189, 190, 191, 192, 193, 194], "excluded_lines": []}, "DatabaseManager.initialize_user": {"executed_lines": [198, 199, 200, 203, 209, 215, 220, 221], "summary": {"covered_lines": 8, "num_statements": 14, "percent_covered": 57.142857142857146, "percent_covered_display": "57", "missing_lines": 6, "excluded_lines": 0}, "missing_lines": [223, 224, 225, 226, 227, 228], "excluded_lines": []}, "DatabaseManager.get_user_state": {"executed_lines": [232, 233, 234, 235, 236], "summary": {"covered_lines": 5, "num_statements": 5, "percent_covered": 100.0, "percent_covered_display": "100", "missing_lines": 0, "excluded_lines": 0}, "missing_lines": [], "excluded_lines": []}, "DatabaseManager.set_user_state": {"executed_lines": [240, 241, 242, 243, 247], "summary": {"covered_lines": 5, "num_statements": 5, "percent_covered": 100.0, "percent_covered_display": "100", "missing_lines": 0, "excluded_lines": 0}, "missing_lines": [], "excluded_lines": []}, "DatabaseManager.get_user_state_data": {"executed_lines": [251, 252, 253, 254, 255, 256], "summary": {"covered_lines": 6, "num_statements": 7, "percent_covered": 85.71428571428571, "percent_covered_display": "86", "missing_lines": 1, "excluded_lines": 0}, "missing_lines": [257], "excluded_lines": []}, "DatabaseManager.update_user_state_data": {"executed_lines": [], "summary": {"covered_lines": 0, "num_statements": 3, "percent_covered": 0.0, "percent_covered_display": "0", "missing_lines": 3, "excluded_lines": 0}, "missing_lines": [261, 262, 263], "excluded_lines": []}, "DatabaseManager.create_subscription": {"executed_lines": [], "summary": {"covered_lines": 0, "num_statements": 10, "percent_covered": 0.0, "percent_covered_display": "0", "missing_lines": 10, "excluded_lines": 0}, "missing_lines": [583, 584, 585, 586, 598, 599, 600, 601, 602, 603], "excluded_lines": []}, "DatabaseManager.get_active_subscription": {"executed_lines": [], "summary": {"covered_lines": 0, "num_statements": 8, "percent_covered": 0.0, "percent_covered_display": "0", "missing_lines": 8, "excluded_lines": 0}, "missing_lines": [291, 292, 293, 299, 300, 301, 302, 303], "excluded_lines": []}, "DatabaseManager.update_user_settings": {"executed_lines": [], "summary": {"covered_lines": 0, "num_statements": 7, "percent_covered": 0.0, "percent_covered_display": "0", "missing_lines": 7, "excluded_lines": 0}, "missing_lines": [307, 308, 310, 311, 313, 318, 319], "excluded_lines": []}, "DatabaseManager.get_user_settings": {"executed_lines": [], "summary": {"covered_lines": 0, "num_statements": 13, "percent_covered": 0.0, "percent_covered_display": "0", "missing_lines": 13, "excluded_lines": 0}, "missing_lines": [323, 324, 325, 326, 328, 329, 330, 332, 333, 334, 335, 336, 337], "excluded_lines": []}, "DatabaseManager.log_iteration": {"executed_lines": [], "summary": {"covered_lines": 0, "num_statements": 4, "percent_covered": 0.0, "percent_covered_display": "0", "missing_lines": 4, "excluded_lines": 0}, "missing_lines": [341, 342, 343, 347], "excluded_lines": []}, "DatabaseManager.get_user_iterations": {"executed_lines": [], "summary": {"covered_lines": 0, "num_statements": 6, "percent_covered": 0.0, "percent_covered_display": "0", "missing_lines": 6, "excluded_lines": 0}, "missing_lines": [351, 352, 353, 357, 358, 359], "excluded_lines": []}, "DatabaseManager.store_user_message": {"executed_lines": [], "summary": {"covered_lines": 0, "num_statements": 6, "percent_covered": 0.0, "percent_covered_display": "0", "missing_lines": 6, "excluded_lines": 0}, "missing_lines": [366, 367, 368, 374, 378, 379], "excluded_lines": []}, "DatabaseManager.store_bot_message": {"executed_lines": [], "summary": {"covered_lines": 0, "num_statements": 5, "percent_covered": 0.0, "percent_covered_display": "0", "missing_lines": 5, "excluded_lines": 0}, "missing_lines": [384, 385, 386, 391, 392], "excluded_lines": []}, "DatabaseManager.get_user_messages": {"executed_lines": [], "summary": {"covered_lines": 0, "num_statements": 6, "percent_covered": 0.0, "percent_covered_display": "0", "missing_lines": 6, "excluded_lines": 0}, "missing_lines": [396, 397, 398, 403, 404, 405], "excluded_lines": []}, "DatabaseManager.get_bot_messages": {"executed_lines": [], "summary": {"covered_lines": 0, "num_statements": 6, "percent_covered": 0.0, "percent_covered_display": "0", "missing_lines": 6, "excluded_lines": 0}, "missing_lines": [409, 410, 411, 416, 417, 418], "excluded_lines": []}, "DatabaseManager.get_conversation_history": {"executed_lines": [], "summary": {"covered_lines": 0, "num_statements": 6, "percent_covered": 0.0, "percent_covered_display": "0", "missing_lines": 6, "excluded_lines": 0}, "missing_lines": [422, 423, 424, 433, 434, 435], "excluded_lines": []}, "DatabaseManager.update_user_profile": {"executed_lines": [], "summary": {"covered_lines": 0, "num_statements": 15, "percent_covered": 0.0, "percent_covered_display": "0", "missing_lines": 15, "excluded_lines": 0}, "missing_lines": [439, 442, 443, 445, 446, 447, 448, 450, 451, 453, 455, 456, 457, 462, 463], "excluded_lines": []}, "DatabaseManager.get_user_profile": {"executed_lines": [], "summary": {"covered_lines": 0, "num_statements": 8, "percent_covered": 0.0, "percent_covered_display": "0", "missing_lines": 8, "excluded_lines": 0}, "missing_lines": [467, 468, 469, 470, 472, 473, 474, 475], "excluded_lines": []}, "DatabaseManager.store_user_feedback": {"executed_lines": [], "summary": {"covered_lines": 0, "num_statements": 5, "percent_covered": 0.0, "percent_covered_display": "0", "missing_lines": 5, "excluded_lines": 0}, "missing_lines": [480, 481, 482, 487, 488], "excluded_lines": []}, "DatabaseManager.get_user_feedback": {"executed_lines": [], "summary": {"covered_lines": 0, "num_statements": 6, "percent_covered": 0.0, "percent_covered_display": "0", "missing_lines": 6, "excluded_lines": 0}, "missing_lines": [492, 493, 494, 499, 500, 501], "excluded_lines": []}, "DatabaseManager.start_user_session": {"executed_lines": [], "summary": {"covered_lines": 0, "num_statements": 7, "percent_covered": 0.0, "percent_covered_display": "0", "missing_lines": 7, "excluded_lines": 0}, "missing_lines": [505, 506, 507, 512, 513, 514, 515], "excluded_lines": []}, "DatabaseManager.end_user_session": {"executed_lines": [], "summary": {"covered_lines": 0, "num_statements": 5, "percent_covered": 0.0, "percent_covered_display": "0", "missing_lines": 5, "excluded_lines": 0}, "missing_lines": [520, 521, 522, 528, 529], "excluded_lines": []}, "DatabaseManager.get_user_sessions": {"executed_lines": [], "summary": {"covered_lines": 0, "num_statements": 6, "percent_covered": 0.0, "percent_covered_display": "0", "missing_lines": 6, "excluded_lines": 0}, "missing_lines": [533, 534, 535, 540, 541, 542], "excluded_lines": []}, "DatabaseManager.get_user_statistics": {"executed_lines": [], "summary": {"covered_lines": 0, "num_statements": 14, "percent_covered": 0.0, "percent_covered_display": "0", "missing_lines": 14, "excluded_lines": 0}, "missing_lines": [546, 547, 550, 551, 553, 554, 556, 557, 559, 560, 562, 563, 566, 568], "excluded_lines": []}, "DatabaseManager.get_subscription_by_order_id": {"executed_lines": [], "summary": {"covered_lines": 0, "num_statements": 12, "percent_covered": 0.0, "percent_covered_display": "0", "missing_lines": 12, "excluded_lines": 0}, "missing_lines": [607, 608, 609, 610, 613, 614, 615, 616, 617, 618, 619, 620], "excluded_lines": []}, "DatabaseManager.update_subscription_status": {"executed_lines": [], "summary": {"covered_lines": 0, "num_statements": 12, "percent_covered": 0.0, "percent_covered_display": "0", "missing_lines": 12, "excluded_lines": 0}, "missing_lines": [625, 626, 627, 628, 629, 636, 641, 642, 643, 644, 645, 646], "excluded_lines": []}, "DatabaseManager.get_user_active_subscriptions": {"executed_lines": [], "summary": {"covered_lines": 0, "num_statements": 12, "percent_covered": 0.0, "percent_covered_display": "0", "missing_lines": 12, "excluded_lines": 0}, "missing_lines": [650, 651, 652, 653, 658, 659, 660, 661, 662, 663, 664, 665], "excluded_lines": []}, "DatabaseManager.mark_goal_achieved": {"executed_lines": [], "summary": {"covered_lines": 0, "num_statements": 10, "percent_covered": 0.0, "percent_covered_display": "0", "missing_lines": 10, "excluded_lines": 0}, "missing_lines": [669, 670, 671, 672, 678, 679, 680, 681, 682, 683], "excluded_lines": []}, "": {"executed_lines": [1, 6, 7, 8, 9, 10, 12, 14, 15, 19, 196, 230, 238, 249, 259, 265, 289, 305, 321, 339, 349, 363, 381, 394, 407, 420, 437, 465, 477, 490, 503, 517, 531, 544, 580, 605, 622, 648, 667], "summary": {"covered_lines": 38, "num_statements": 38, "percent_covered": 100.0, "percent_covered_display": "100", "missing_lines": 0, "excluded_lines": 0}, "missing_lines": [], "excluded_lines": []}}, "classes": {"DatabaseManager": {"executed_lines": [16, 17, 21, 22, 23, 26, 45, 57, 71, 85, 102, 128, 148, 162, 177, 178, 179, 180, 181, 182, 183, 184, 186, 187, 198, 199, 200, 203, 209, 215, 220, 221, 232, 233, 234, 235, 236, 240, 241, 242, 243, 247, 251, 252, 253, 254, 255, 256], "summary": {"covered_lines": 48, "num_statements": 266, "percent_covered": 18.045112781954888, "percent_covered_display": "18", "missing_lines": 218, "excluded_lines": 0}, "missing_lines": [189, 190, 191, 192, 193, 194, 223, 224, 225, 226, 227, 228, 257, 261, 262, 263, 267, 268, 271, 272, 273, 274, 275, 277, 279, 284, 285, 286, 287, 291, 292, 293, 299, 300, 301, 302, 303, 307, 308, 310, 311, 313, 318, 319, 323, 324, 325, 326, 328, 329, 330, 332, 333, 334, 335, 336, 337, 341, 342, 343, 347, 351, 352, 353, 357, 358, 359, 366, 367, 368, 374, 378, 379, 384, 385, 386, 391, 392, 396, 397, 398, 403, 404, 405, 409, 410, 411, 416, 417, 418, 422, 423, 424, 433, 434, 435, 439, 442, 443, 445, 446, 447, 448, 450, 451, 453, 455, 456, 457, 462, 463, 467, 468, 469, 470, 472, 473, 474, 475, 480, 481, 482, 487, 488, 492, 493, 494, 499, 500, 501, 505, 506, 507, 512, 513, 514, 515, 520, 521, 522, 528, 529, 533, 534, 535, 540, 541, 542, 546, 547, 550, 551, 553, 554, 556, 557, 559, 560, 562, 563, 566, 568, 583, 584, 585, 586, 598, 599, 600, 601, 602, 603, 607, 608, 609, 610, 613, 614, 615, 616, 617, 618, 619, 620, 625, 626, 627, 628, 629, 636, 641, 642, 643, 644, 645, 646, 650, 651, 652, 653, 658, 659, 660, 661, 662, 663, 664, 665, 669, 670, 671, 672, 678, 679, 680, 681, 682, 683], "excluded_lines": []}, "": {"executed_lines": [1, 6, 7, 8, 9, 10, 12, 14, 15, 19, 196, 230, 238, 249, 259, 265, 289, 305, 321, 339, 349, 363, 381, 394, 407, 420, 437, 465, 477, 490, 503, 517, 531, 544, 580, 605, 622, 648, 667], "summary": {"covered_lines": 38, "num_statements": 38, "percent_covered": 100.0, "percent_covered_display": "100", "missing_lines": 0, "excluded_lines": 0}, "missing_lines": [], "excluded_lines": []}}}, "modules/error_handler.py": {"executed_lines": [1, 6, 7, 8, 9, 10, 12, 14, 15, 17, 18, 36, 37, 55, 56, 74, 75, 90, 91, 123, 124, 141, 142, 150, 151, 177, 178, 201, 202, 217, 218], "summary": {"covered_lines": 29, "num_statements": 141, "percent_covered": 20.56737588652482, "percent_covered_display": "21", "missing_lines": 112, "excluded_lines": 0}, "missing_lines": [20, 21, 22, 23, 25, 28, 30, 32, 33, 34, 39, 40, 41, 42, 44, 47, 49, 51, 52, 53, 58, 59, 60, 61, 63, 66, 68, 70, 71, 72, 77, 78, 79, 80, 82, 84, 86, 87, 88, 94, 95, 98, 99, 102, 115, 116, 117, 118, 120, 121, 127, 128, 129, 130, 132, 133, 135, 136, 138, 139, 144, 145, 146, 147, 148, 153, 154, 155, 157, 158, 160, 161, 164, 165, 167, 168, 169, 171, 173, 174, 175, 180, 181, 182, 185, 186, 188, 189, 192, 193, 195, 197, 198, 199, 204, 205, 206, 207, 209, 211, 213, 214, 215, 220, 221, 222, 223, 225, 227, 229, 230, 231], "excluded_lines": [], "functions": {"ErrorHandler.handle_database_error": {"executed_lines": [], "summary": {"covered_lines": 0, "num_statements": 10, "percent_covered": 0.0, "percent_covered_display": "0", "missing_lines": 10, "excluded_lines": 0}, "missing_lines": [20, 21, 22, 23, 25, 28, 30, 32, 33, 34], "excluded_lines": []}, "ErrorHandler.handle_api_error": {"executed_lines": [], "summary": {"covered_lines": 0, "num_statements": 10, "percent_covered": 0.0, "percent_covered_display": "0", "missing_lines": 10, "excluded_lines": 0}, "missing_lines": [39, 40, 41, 42, 44, 47, 49, 51, 52, 53], "excluded_lines": []}, "ErrorHandler.handle_telegram_error": {"executed_lines": [], "summary": {"covered_lines": 0, "num_statements": 10, "percent_covered": 0.0, "percent_covered_display": "0", "missing_lines": 10, "excluded_lines": 0}, "missing_lines": [58, 59, 60, 61, 63, 66, 68, 70, 71, 72], "excluded_lines": []}, "ErrorHandler.handle_validation_error": {"executed_lines": [], "summary": {"covered_lines": 0, "num_statements": 9, "percent_covered": 0.0, "percent_covered_display": "0", "missing_lines": 9, "excluded_lines": 0}, "missing_lines": [77, 78, 79, 80, 82, 84, 86, 87, 88], "excluded_lines": []}, "ErrorHandler.handle_critical_error": {"executed_lines": [], "summary": {"covered_lines": 0, "num_statements": 11, "percent_covered": 0.0, "percent_covered_display": "0", "missing_lines": 11, "excluded_lines": 0}, "missing_lines": [94, 95, 98, 99, 102, 115, 116, 117, 118, 120, 121], "excluded_lines": []}, "ErrorHandler.log_error": {"executed_lines": [], "summary": {"covered_lines": 0, "num_statements": 10, "percent_covered": 0.0, "percent_covered_display": "0", "missing_lines": 10, "excluded_lines": 0}, "missing_lines": [127, 128, 129, 130, 132, 133, 135, 136, 138, 139], "excluded_lines": []}, "ErrorHandler.safe_execute": {"executed_lines": [], "summary": {"covered_lines": 0, "num_statements": 5, "percent_covered": 0.0, "percent_covered_display": "0", "missing_lines": 5, "excluded_lines": 0}, "missing_lines": [144, 145, 146, 147, 148], "excluded_lines": []}, "ErrorHandler.validate_user_input": {"executed_lines": [], "summary": {"covered_lines": 0, "num_statements": 16, "percent_covered": 0.0, "percent_covered_display": "0", "missing_lines": 16, "excluded_lines": 0}, "missing_lines": [153, 154, 155, 157, 158, 160, 161, 164, 165, 167, 168, 169, 171, 173, 174, 175], "excluded_lines": []}, "ErrorHandler.sanitize_input": {"executed_lines": [], "summary": {"covered_lines": 0, "num_statements": 13, "percent_covered": 0.0, "percent_covered_display": "0", "missing_lines": 13, "excluded_lines": 0}, "missing_lines": [180, 181, 182, 185, 186, 188, 189, 192, 193, 195, 197, 198, 199], "excluded_lines": []}, "ErrorHandler.handle_timeout_error": {"executed_lines": [], "summary": {"covered_lines": 0, "num_statements": 9, "percent_covered": 0.0, "percent_covered_display": "0", "missing_lines": 9, "excluded_lines": 0}, "missing_lines": [204, 205, 206, 207, 209, 211, 213, 214, 215], "excluded_lines": []}, "ErrorHandler.handle_network_error": {"executed_lines": [], "summary": {"covered_lines": 0, "num_statements": 9, "percent_covered": 0.0, "percent_covered_display": "0", "missing_lines": 9, "excluded_lines": 0}, "missing_lines": [220, 221, 222, 223, 225, 227, 229, 230, 231], "excluded_lines": []}, "": {"executed_lines": [1, 6, 7, 8, 9, 10, 12, 14, 15, 17, 18, 36, 37, 55, 56, 74, 75, 90, 91, 123, 124, 141, 142, 150, 151, 177, 178, 201, 202, 217, 218], "summary": {"covered_lines": 29, "num_statements": 29, "percent_covered": 100.0, "percent_covered_display": "100", "missing_lines": 0, "excluded_lines": 0}, "missing_lines": [], "excluded_lines": []}}, "classes": {"ErrorHandler": {"executed_lines": [], "summary": {"covered_lines": 0, "num_statements": 112, "percent_covered": 0.0, "percent_covered_display": "0", "missing_lines": 112, "excluded_lines": 0}, "missing_lines": [20, 21, 22, 23, 25, 28, 30, 32, 33, 34, 39, 40, 41, 42, 44, 47, 49, 51, 52, 53, 58, 59, 60, 61, 63, 66, 68, 70, 71, 72, 77, 78, 79, 80, 82, 84, 86, 87, 88, 94, 95, 98, 99, 102, 115, 116, 117, 118, 120, 121, 127, 128, 129, 130, 132, 133, 135, 136, 138, 139, 144, 145, 146, 147, 148, 153, 154, 155, 157, 158, 160, 161, 164, 165, 167, 168, 169, 171, 173, 174, 175, 180, 181, 182, 185, 186, 188, 189, 192, 193, 195, 197, 198, 199, 204, 205, 206, 207, 209, 211, 213, 214, 215, 220, 221, 222, 223, 225, 227, 229, 230, 231], "excluded_lines": []}, "": {"executed_lines": [1, 6, 7, 8, 9, 10, 12, 14, 15, 17, 18, 36, 37, 55, 56, 74, 75, 90, 91, 123, 124, 141, 142, 150, 151, 177, 178, 201, 202, 217, 218], "summary": {"covered_lines": 29, "num_statements": 29, "percent_covered": 100.0, "percent_covered_display": "100", "missing_lines": 0, "excluded_lines": 0}, "missing_lines": [], "excluded_lines": []}}}, "modules/iteration.py": {"executed_lines": [1, 6, 7, 8, 9, 10, 11, 12, 14, 16, 17, 122, 151, 200, 246, 288, 310, 332, 376, 412, 454, 475, 509, 541, 587, 630, 666, 710, 747, 782, 817, 839, 878, 922, 957, 979, 1000, 1034, 1056, 1078, 1103, 1127, 1162, 1197, 1218, 1239, 1263, 1286, 1309, 1338, 1374, 1412, 1428, 1441, 1459, 1492, 1511, 1532, 1672, 1718, 1790, 1899, 1920, 1931, 1955, 1995, 2004, 2015, 2032, 2037, 2088, 2118, 2146, 2185, 2225, 2248, 2277, 2333, 2364], "summary": {"covered_lines": 78, "num_statements": 724, "percent_covered": 10.773480662983426, "percent_covered_display": "11", "missing_lines": 646, "excluded_lines": 0}, "missing_lines": [18, 19, 20, 23, 45, 67, 79, 101, 124, 125, 128, 129, 132, 133, 134, 135, 136, 137, 138, 139, 140, 141, 142, 143, 144, 145, 146, 147, 149, 153, 155, 156, 157, 158, 161, 162, 163, 164, 165, 167, 168, 169, 172, 173, 174, 175, 178, 181, 184, 191, 193, 194, 196, 197, 198, 202, 204, 205, 208, 209, 210, 213, 214, 215, 216, 217, 218, 220, 222, 223, 224, 226, 227, 230, 231, 232, 233, 234, 235, 236, 237, 240, 242, 243, 244, 248, 249, 252, 253, 256, 257, 260, 286, 290, 292, 297, 300, 307, 308, 312, 314, 315, 316, 323, 324, 327, 329, 330, 334, 335, 337, 338, 341, 349, 355, 374, 378, 379, 381, 382, 383, 384, 387, 393, 401, 407, 410, 415, 416, 417, 420, 421, 423, 446, 450, 452, 456, 458, 459, 460, 463, 464, 467, 470, 472, 473, 477, 478, 479, 482, 486, 507, 511, 533, 537, 539, 543, 544, 547, 548, 549, 550, 553, 554, 557, 558, 559, 561, 579, 583, 585, 589, 590, 592, 593, 594, 597, 598, 599, 600, 601, 603, 622, 626, 628, 632, 633, 634, 636, 656, 662, 664, 668, 670, 671, 672, 673, 675, 676, 677, 678, 681, 682, 683, 684, 687, 689, 691, 692, 694, 696, 699, 701, 703, 704, 706, 707, 708, 712, 714, 715, 719, 722, 723, 725, 726, 729, 732, 744, 745, 749, 751, 752, 755, 758, 760, 761, 764, 767, 779, 780, 784, 786, 787, 790, 793, 795, 796, 799, 802, 814, 815, 819, 821, 822, 823, 825, 828, 834, 836, 837, 841, 843, 844, 845, 847, 848, 849, 852, 853, 854, 855, 858, 861, 864, 871, 873, 875, 876, 880, 882, 883, 886, 887, 888, 891, 892, 893, 894, 895, 896, 898, 900, 901, 902, 903, 904, 906, 907, 908, 909, 910, 911, 912, 913, 916, 918, 919, 920, 924, 925, 928, 931, 932, 935, 955, 959, 961, 966, 969, 976, 977, 981, 983, 984, 986, 988, 991, 995, 997, 998, 1002, 1004, 1005, 1006, 1007, 1009, 1012, 1015, 1016, 1018, 1019, 1022, 1025, 1026, 1027, 1029, 1031, 1032, 1036, 1038, 1039, 1040, 1042, 1045, 1051, 1053, 1054, 1058, 1060, 1061, 1062, 1064, 1067, 1073, 1075, 1076, 1080, 1082, 1083, 1086, 1089, 1092, 1098, 1100, 1101, 1105, 1107, 1108, 1111, 1114, 1117, 1122, 1124, 1125, 1130, 1131, 1134, 1135, 1136, 1138, 1160, 1165, 1166, 1169, 1170, 1171, 1173, 1195, 1199, 1201, 1205, 1208, 1215, 1216, 1220, 1222, 1226, 1229, 1236, 1237, 1241, 1244, 1248, 1261, 1265, 1268, 1272, 1284, 1288, 1291, 1295, 1307, 1311, 1314, 1315, 1317, 1318, 1319, 1321, 1336, 1340, 1343, 1352, 1353, 1356, 1360, 1372, 1376, 1379, 1388, 1393, 1410, 1414, 1417, 1418, 1419, 1420, 1423, 1426, 1430, 1433, 1436, 1439, 1443, 1446, 1447, 1449, 1450, 1451, 1454, 1457, 1461, 1464, 1465, 1466, 1467, 1470, 1482, 1488, 1490, 1495, 1496, 1498, 1499, 1500, 1503, 1506, 1509, 1514, 1515, 1518, 1521, 1522, 1523, 1524, 1525, 1526, 1528, 1530, 1535, 1536, 1539, 1540, 1555, 1556, 1623, 1670, 1674, 1675, 1677, 1678, 1692, 1716, 1720, 1721, 1723, 1724, 1741, 1788, 1792, 1793, 1795, 1796, 1821, 1897, 1902, 1912, 1916, 1918, 1923, 1924, 1927, 1929, 1934, 1937, 1938, 1939, 1940, 1942, 1945, 1946, 1947, 1948, 1951, 1953, 1957, 1960, 1963, 1964, 1966, 1986, 1991, 1993, 1997, 2002, 2006, 2007, 2008, 2009, 2010, 2011, 2013, 2017, 2018, 2020, 2022, 2023, 2025, 2026, 2027, 2028, 2030, 2035, 2039, 2040, 2052, 2053, 2066, 2079, 2084, 2086, 2090, 2108, 2114, 2116, 2120, 2138, 2142, 2144, 2148, 2175, 2181, 2183, 2187, 2188, 2190, 2191, 2192, 2193, 2194, 2195, 2196, 2197, 2198, 2199, 2200, 2201, 2202, 2203, 2204, 2205, 2206, 2207, 2208, 2209, 2210, 2211, 2212, 2213, 2214, 2215, 2216, 2217, 2218, 2219, 2220, 2221, 2222, 2223, 2227, 2246, 2250, 2267, 2273, 2275, 2279, 2282, 2284, 2285, 2306, 2315, 2316, 2321, 2322, 2324, 2329, 2331, 2335, 2354, 2360, 2362, 2366, 2391, 2396, 2398], "excluded_lines": [], "functions": {"IterationModule.__init__": {"executed_lines": [], "summary": {"covered_lines": 0, "num_statements": 8, "percent_covered": 0.0, "percent_covered_display": "0", "missing_lines": 8, "excluded_lines": 0}, "missing_lines": [18, 19, 20, 23, 45, 67, 79, 101], "excluded_lines": []}, "IterationModule.handle_message": {"executed_lines": [], "summary": {"covered_lines": 0, "num_statements": 21, "percent_covered": 0.0, "percent_covered_display": "0", "missing_lines": 21, "excluded_lines": 0}, "missing_lines": [124, 125, 128, 129, 132, 133, 134, 135, 136, 137, 138, 139, 140, 141, 142, 143, 144, 145, 146, 147, 149], "excluded_lines": []}, "IterationModule.deliver_task": {"executed_lines": [], "summary": {"covered_lines": 0, "num_statements": 26, "percent_covered": 0.0, "percent_covered_display": "0", "missing_lines": 26, "excluded_lines": 0}, "missing_lines": [153, 155, 156, 157, 158, 161, 162, 163, 164, 165, 167, 168, 169, 172, 173, 174, 175, 178, 181, 184, 191, 193, 194, 196, 197, 198], "excluded_lines": []}, "IterationModule._get_next_task": {"executed_lines": [], "summary": {"covered_lines": 0, "num_statements": 30, "percent_covered": 0.0, "percent_covered_display": "0", "missing_lines": 30, "excluded_lines": 0}, "missing_lines": [202, 204, 205, 208, 209, 210, 213, 214, 215, 216, 217, 218, 220, 222, 223, 224, 226, 227, 230, 231, 232, 233, 234, 235, 236, 237, 240, 242, 243, 244], "excluded_lines": []}, "IterationModule._create_task_message": {"executed_lines": [], "summary": {"covered_lines": 0, "num_statements": 8, "percent_covered": 0.0, "percent_covered_display": "0", "missing_lines": 8, "excluded_lines": 0}, "missing_lines": [248, 249, 252, 253, 256, 257, 260, 286], "excluded_lines": []}, "IterationModule._send_task_to_user": {"executed_lines": [], "summary": {"covered_lines": 0, "num_statements": 6, "percent_covered": 0.0, "percent_covered_display": "0", "missing_lines": 6, "excluded_lines": 0}, "missing_lines": [290, 292, 297, 300, 307, 308], "excluded_lines": []}, "IterationModule._update_delivery_stats": {"executed_lines": [], "summary": {"covered_lines": 0, "num_statements": 9, "percent_covered": 0.0, "percent_covered_display": "0", "missing_lines": 9, "excluded_lines": 0}, "missing_lines": [312, 314, 315, 316, 323, 324, 327, 329, 330], "excluded_lines": []}, "IterationModule._handle_task_response": {"executed_lines": [], "summary": {"covered_lines": 0, "num_statements": 8, "percent_covered": 0.0, "percent_covered_display": "0", "missing_lines": 8, "excluded_lines": 0}, "missing_lines": [334, 335, 337, 338, 341, 349, 355, 374], "excluded_lines": []}, "IterationModule._handle_task_feelings": {"executed_lines": [], "summary": {"covered_lines": 0, "num_statements": 11, "percent_covered": 0.0, "percent_covered_display": "0", "missing_lines": 11, "excluded_lines": 0}, "missing_lines": [378, 379, 381, 382, 383, 384, 387, 393, 401, 407, 410], "excluded_lines": []}, "IterationModule._provide_reinforcement": {"executed_lines": [], "summary": {"covered_lines": 0, "num_statements": 9, "percent_covered": 0.0, "percent_covered_display": "0", "missing_lines": 9, "excluded_lines": 0}, "missing_lines": [415, 416, 417, 420, 421, 423, 446, 450, 452], "excluded_lines": []}, "IterationModule._update_task_completion_stats": {"executed_lines": [], "summary": {"covered_lines": 0, "num_statements": 10, "percent_covered": 0.0, "percent_covered_display": "0", "missing_lines": 10, "excluded_lines": 0}, "missing_lines": [456, 458, 459, 460, 463, 464, 467, 470, 472, 473], "excluded_lines": []}, "IterationModule._handle_task_completion": {"executed_lines": [], "summary": {"covered_lines": 0, "num_statements": 6, "percent_covered": 0.0, "percent_covered_display": "0", "missing_lines": 6, "excluded_lines": 0}, "missing_lines": [477, 478, 479, 482, 486, 507], "excluded_lines": []}, "IterationModule._show_task_help": {"executed_lines": [], "summary": {"covered_lines": 0, "num_statements": 4, "percent_covered": 0.0, "percent_covered_display": "0", "missing_lines": 4, "excluded_lines": 0}, "missing_lines": [511, 533, 537, 539], "excluded_lines": []}, "IterationModule._show_progress_status": {"executed_lines": [], "summary": {"covered_lines": 0, "num_statements": 15, "percent_covered": 0.0, "percent_covered_display": "0", "missing_lines": 15, "excluded_lines": 0}, "missing_lines": [543, 544, 547, 548, 549, 550, 553, 554, 557, 558, 559, 561, 579, 583, 585], "excluded_lines": []}, "IterationModule._show_delivery_schedule": {"executed_lines": [], "summary": {"covered_lines": 0, "num_statements": 14, "percent_covered": 0.0, "percent_covered_display": "0", "missing_lines": 14, "excluded_lines": 0}, "missing_lines": [589, 590, 592, 593, 594, 597, 598, 599, 600, 601, 603, 622, 626, 628], "excluded_lines": []}, "IterationModule._handle_general_task_message": {"executed_lines": [], "summary": {"covered_lines": 0, "num_statements": 7, "percent_covered": 0.0, "percent_covered_display": "0", "missing_lines": 7, "excluded_lines": 0}, "missing_lines": [632, 633, 634, 636, 656, 662, 664], "excluded_lines": []}, "IterationModule.start_scheduled_iterations": {"executed_lines": [], "summary": {"covered_lines": 0, "num_statements": 26, "percent_covered": 0.0, "percent_covered_display": "0", "missing_lines": 26, "excluded_lines": 0}, "missing_lines": [668, 670, 671, 672, 673, 675, 676, 677, 678, 681, 682, 683, 684, 687, 689, 691, 692, 694, 696, 699, 701, 703, 704, 706, 707, 708], "excluded_lines": []}, "IterationModule._schedule_express_iterations": {"executed_lines": [], "summary": {"covered_lines": 0, "num_statements": 12, "percent_covered": 0.0, "percent_covered_display": "0", "missing_lines": 12, "excluded_lines": 0}, "missing_lines": [712, 714, 715, 719, 722, 723, 725, 726, 729, 732, 744, 745], "excluded_lines": []}, "IterationModule._schedule_2week_iterations": {"executed_lines": [], "summary": {"covered_lines": 0, "num_statements": 11, "percent_covered": 0.0, "percent_covered_display": "0", "missing_lines": 11, "excluded_lines": 0}, "missing_lines": [749, 751, 752, 755, 758, 760, 761, 764, 767, 779, 780], "excluded_lines": []}, "IterationModule._schedule_regular_iterations": {"executed_lines": [], "summary": {"covered_lines": 0, "num_statements": 11, "percent_covered": 0.0, "percent_covered_display": "0", "missing_lines": 11, "excluded_lines": 0}, "missing_lines": [784, 786, 787, 790, 793, 795, 796, 799, 802, 814, 815], "excluded_lines": []}, "IterationModule._schedule_single_iteration": {"executed_lines": [], "summary": {"covered_lines": 0, "num_statements": 9, "percent_covered": 0.0, "percent_covered_display": "0", "missing_lines": 9, "excluded_lines": 0}, "missing_lines": [819, 821, 822, 823, 825, 828, 834, 836, 837], "excluded_lines": []}, "IterationModule._execute_scheduled_iteration": {"executed_lines": [], "summary": {"covered_lines": 0, "num_statements": 18, "percent_covered": 0.0, "percent_covered_display": "0", "missing_lines": 18, "excluded_lines": 0}, "missing_lines": [841, 843, 844, 845, 847, 848, 849, 852, 853, 854, 855, 858, 861, 864, 871, 873, 875, 876], "excluded_lines": []}, "IterationModule._get_next_scheduled_task": {"executed_lines": [], "summary": {"covered_lines": 0, "num_statements": 30, "percent_covered": 0.0, "percent_covered_display": "0", "missing_lines": 30, "excluded_lines": 0}, "missing_lines": [880, 882, 883, 886, 887, 888, 891, 892, 893, 894, 895, 896, 898, 900, 901, 902, 903, 904, 906, 907, 908, 909, 910, 911, 912, 913, 916, 918, 919, 920], "excluded_lines": []}, "IterationModule._create_scheduled_task_message": {"executed_lines": [], "summary": {"covered_lines": 0, "num_statements": 7, "percent_covered": 0.0, "percent_covered_display": "0", "missing_lines": 7, "excluded_lines": 0}, "missing_lines": [924, 925, 928, 931, 932, 935, 955], "excluded_lines": []}, "IterationModule._send_scheduled_task_to_user": {"executed_lines": [], "summary": {"covered_lines": 0, "num_statements": 6, "percent_covered": 0.0, "percent_covered_display": "0", "missing_lines": 6, "excluded_lines": 0}, "missing_lines": [959, 961, 966, 969, 976, 977], "excluded_lines": []}, "IterationModule._update_iteration_progress": {"executed_lines": [], "summary": {"covered_lines": 0, "num_statements": 9, "percent_covered": 0.0, "percent_covered_display": "0", "missing_lines": 9, "excluded_lines": 0}, "missing_lines": [981, 983, 984, 986, 988, 991, 995, 997, 998], "excluded_lines": []}, "IterationModule._schedule_periodic_checkins": {"executed_lines": [], "summary": {"covered_lines": 0, "num_statements": 18, "percent_covered": 0.0, "percent_covered_display": "0", "missing_lines": 18, "excluded_lines": 0}, "missing_lines": [1002, 1004, 1005, 1006, 1007, 1009, 1012, 1015, 1016, 1018, 1019, 1022, 1025, 1026, 1027, 1029, 1031, 1032], "excluded_lines": []}, "IterationModule._schedule_single_checkin": {"executed_lines": [], "summary": {"covered_lines": 0, "num_statements": 9, "percent_covered": 0.0, "percent_covered_display": "0", "missing_lines": 9, "excluded_lines": 0}, "missing_lines": [1036, 1038, 1039, 1040, 1042, 1045, 1051, 1053, 1054], "excluded_lines": []}, "IterationModule._schedule_final_evaluation": {"executed_lines": [], "summary": {"covered_lines": 0, "num_statements": 9, "percent_covered": 0.0, "percent_covered_display": "0", "missing_lines": 9, "excluded_lines": 0}, "missing_lines": [1058, 1060, 1061, 1062, 1064, 1067, 1073, 1075, 1076], "excluded_lines": []}, "IterationModule._execute_periodic_checkin": {"executed_lines": [], "summary": {"covered_lines": 0, "num_statements": 9, "percent_covered": 0.0, "percent_covered_display": "0", "missing_lines": 9, "excluded_lines": 0}, "missing_lines": [1080, 1082, 1083, 1086, 1089, 1092, 1098, 1100, 1101], "excluded_lines": []}, "IterationModule._execute_final_evaluation": {"executed_lines": [], "summary": {"covered_lines": 0, "num_statements": 9, "percent_covered": 0.0, "percent_covered_display": "0", "missing_lines": 9, "excluded_lines": 0}, "missing_lines": [1105, 1107, 1108, 1111, 1114, 1117, 1122, 1124, 1125], "excluded_lines": []}, "IterationModule._create_checkin_message": {"executed_lines": [], "summary": {"covered_lines": 0, "num_statements": 7, "percent_covered": 0.0, "percent_covered_display": "0", "missing_lines": 7, "excluded_lines": 0}, "missing_lines": [1130, 1131, 1134, 1135, 1136, 1138, 1160], "excluded_lines": []}, "IterationModule._create_final_evaluation_message": {"executed_lines": [], "summary": {"covered_lines": 0, "num_statements": 7, "percent_covered": 0.0, "percent_covered_display": "0", "missing_lines": 7, "excluded_lines": 0}, "missing_lines": [1165, 1166, 1169, 1170, 1171, 1173, 1195], "excluded_lines": []}, "IterationModule._send_checkin_to_user": {"executed_lines": [], "summary": {"covered_lines": 0, "num_statements": 6, "percent_covered": 0.0, "percent_covered_display": "0", "missing_lines": 6, "excluded_lines": 0}, "missing_lines": [1199, 1201, 1205, 1208, 1215, 1216], "excluded_lines": []}, "IterationModule._send_final_evaluation_to_user": {"executed_lines": [], "summary": {"covered_lines": 0, "num_statements": 6, "percent_covered": 0.0, "percent_covered_display": "0", "missing_lines": 6, "excluded_lines": 0}, "missing_lines": [1220, 1222, 1226, 1229, 1236, 1237], "excluded_lines": []}, "IterationModule._handle_task_movement_done": {"executed_lines": [], "summary": {"covered_lines": 0, "num_statements": 4, "percent_covered": 0.0, "percent_covered_display": "0", "missing_lines": 4, "excluded_lines": 0}, "missing_lines": [1241, 1244, 1248, 1261], "excluded_lines": []}, "IterationModule._start_checkin_response": {"executed_lines": [], "summary": {"covered_lines": 0, "num_statements": 4, "percent_covered": 0.0, "percent_covered_display": "0", "missing_lines": 4, "excluded_lines": 0}, "missing_lines": [1265, 1268, 1272, 1284], "excluded_lines": []}, "IterationModule._start_final_evaluation_response": {"executed_lines": [], "summary": {"covered_lines": 0, "num_statements": 4, "percent_covered": 0.0, "percent_covered_display": "0", "missing_lines": 4, "excluded_lines": 0}, "missing_lines": [1288, 1291, 1295, 1307], "excluded_lines": []}, "IterationModule._show_final_progress": {"executed_lines": [], "summary": {"covered_lines": 0, "num_statements": 8, "percent_covered": 0.0, "percent_covered_display": "0", "missing_lines": 8, "excluded_lines": 0}, "missing_lines": [1311, 1314, 1315, 1317, 1318, 1319, 1321, 1336], "excluded_lines": []}, "IterationModule._handle_checkin_response": {"executed_lines": [], "summary": {"covered_lines": 0, "num_statements": 7, "percent_covered": 0.0, "percent_covered_display": "0", "missing_lines": 7, "excluded_lines": 0}, "missing_lines": [1340, 1343, 1352, 1353, 1356, 1360, 1372], "excluded_lines": []}, "IterationModule._handle_final_evaluation_response": {"executed_lines": [], "summary": {"covered_lines": 0, "num_statements": 5, "percent_covered": 0.0, "percent_covered_display": "0", "missing_lines": 5, "excluded_lines": 0}, "missing_lines": [1376, 1379, 1388, 1393, 1410], "excluded_lines": []}, "IterationModule._handle_content_request": {"executed_lines": [], "summary": {"covered_lines": 0, "num_statements": 7, "percent_covered": 0.0, "percent_covered_display": "0", "missing_lines": 7, "excluded_lines": 0}, "missing_lines": [1414, 1417, 1418, 1419, 1420, 1423, 1426], "excluded_lines": []}, "IterationModule._handle_feedback": {"executed_lines": [], "summary": {"covered_lines": 0, "num_statements": 4, "percent_covered": 0.0, "percent_covered_display": "0", "missing_lines": 4, "excluded_lines": 0}, "missing_lines": [1430, 1433, 1436, 1439], "excluded_lines": []}, "IterationModule._handle_schedule_inquiry": {"executed_lines": [], "summary": {"covered_lines": 0, "num_statements": 8, "percent_covered": 0.0, "percent_covered_display": "0", "missing_lines": 8, "excluded_lines": 0}, "missing_lines": [1443, 1446, 1447, 1449, 1450, 1451, 1454, 1457], "excluded_lines": []}, "IterationModule._handle_general_message": {"executed_lines": [], "summary": {"covered_lines": 0, "num_statements": 9, "percent_covered": 0.0, "percent_covered_display": "0", "missing_lines": 9, "excluded_lines": 0}, "missing_lines": [1461, 1464, 1465, 1466, 1467, 1470, 1482, 1488, 1490], "excluded_lines": []}, "IterationModule._generate_and_send_content": {"executed_lines": [], "summary": {"covered_lines": 0, "num_statements": 8, "percent_covered": 0.0, "percent_covered_display": "0", "missing_lines": 8, "excluded_lines": 0}, "missing_lines": [1495, 1496, 1498, 1499, 1500, 1503, 1506, 1509], "excluded_lines": []}, "IterationModule._generate_content": {"executed_lines": [], "summary": {"covered_lines": 0, "num_statements": 11, "percent_covered": 0.0, "percent_covered_display": "0", "missing_lines": 11, "excluded_lines": 0}, "missing_lines": [1514, 1515, 1518, 1521, 1522, 1523, 1524, 1525, 1526, 1528, 1530], "excluded_lines": []}, "IterationModule._generate_blog_post": {"executed_lines": [], "summary": {"covered_lines": 0, "num_statements": 8, "percent_covered": 0.0, "percent_covered_display": "0", "missing_lines": 8, "excluded_lines": 0}, "missing_lines": [1535, 1536, 1539, 1540, 1555, 1556, 1623, 1670], "excluded_lines": []}, "IterationModule._generate_social_media_post": {"executed_lines": [], "summary": {"covered_lines": 0, "num_statements": 6, "percent_covered": 0.0, "percent_covered_display": "0", "missing_lines": 6, "excluded_lines": 0}, "missing_lines": [1674, 1675, 1677, 1678, 1692, 1716], "excluded_lines": []}, "IterationModule._generate_email_content": {"executed_lines": [], "summary": {"covered_lines": 0, "num_statements": 6, "percent_covered": 0.0, "percent_covered_display": "0", "missing_lines": 6, "excluded_lines": 0}, "missing_lines": [1720, 1721, 1723, 1724, 1741, 1788], "excluded_lines": []}, "IterationModule._generate_article": {"executed_lines": [], "summary": {"covered_lines": 0, "num_statements": 6, "percent_covered": 0.0, "percent_covered_display": "0", "missing_lines": 6, "excluded_lines": 0}, "missing_lines": [1792, 1793, 1795, 1796, 1821, 1897], "excluded_lines": []}, "IterationModule._send_content_to_user": {"executed_lines": [], "summary": {"covered_lines": 0, "num_statements": 4, "percent_covered": 0.0, "percent_covered_display": "0", "missing_lines": 4, "excluded_lines": 0}, "missing_lines": [1902, 1912, 1916, 1918], "excluded_lines": []}, "IterationModule._log_iteration": {"executed_lines": [], "summary": {"covered_lines": 0, "num_statements": 4, "percent_covered": 0.0, "percent_covered_display": "0", "missing_lines": 4, "excluded_lines": 0}, "missing_lines": [1923, 1924, 1927, 1929], "excluded_lines": []}, "IterationModule._calculate_next_delivery": {"executed_lines": [], "summary": {"covered_lines": 0, "num_statements": 12, "percent_covered": 0.0, "percent_covered_display": "0", "missing_lines": 12, "excluded_lines": 0}, "missing_lines": [1934, 1937, 1938, 1939, 1940, 1942, 1945, 1946, 1947, 1948, 1951, 1953], "excluded_lines": []}, "IterationModule._show_schedule_info": {"executed_lines": [], "summary": {"covered_lines": 0, "num_statements": 8, "percent_covered": 0.0, "percent_covered_display": "0", "missing_lines": 8, "excluded_lines": 0}, "missing_lines": [1957, 1960, 1963, 1964, 1966, 1986, 1991, 1993], "excluded_lines": []}, "IterationModule._get_delivery_frequency": {"executed_lines": [], "summary": {"covered_lines": 0, "num_statements": 2, "percent_covered": 0.0, "percent_covered_display": "0", "missing_lines": 2, "excluded_lines": 0}, "missing_lines": [1997, 2002], "excluded_lines": []}, "IterationModule._determine_content_type": {"executed_lines": [], "summary": {"covered_lines": 0, "num_statements": 7, "percent_covered": 0.0, "percent_covered_display": "0", "missing_lines": 7, "excluded_lines": 0}, "missing_lines": [2006, 2007, 2008, 2009, 2010, 2011, 2013], "excluded_lines": []}, "IterationModule._extract_feedback_sentiment": {"executed_lines": [], "summary": {"covered_lines": 0, "num_statements": 10, "percent_covered": 0.0, "percent_covered_display": "0", "missing_lines": 10, "excluded_lines": 0}, "missing_lines": [2017, 2018, 2020, 2022, 2023, 2025, 2026, 2027, 2028, 2030], "excluded_lines": []}, "IterationModule._store_feedback": {"executed_lines": [], "summary": {"covered_lines": 0, "num_statements": 1, "percent_covered": 0.0, "percent_covered_display": "0", "missing_lines": 1, "excluded_lines": 0}, "missing_lines": [2035], "excluded_lines": []}, "IterationModule._respond_to_feedback": {"executed_lines": [], "summary": {"covered_lines": 0, "num_statements": 8, "percent_covered": 0.0, "percent_covered_display": "0", "missing_lines": 8, "excluded_lines": 0}, "missing_lines": [2039, 2040, 2052, 2053, 2066, 2079, 2084, 2086], "excluded_lines": []}, "IterationModule._show_no_subscription_message": {"executed_lines": [], "summary": {"covered_lines": 0, "num_statements": 4, "percent_covered": 0.0, "percent_covered_display": "0", "missing_lines": 4, "excluded_lines": 0}, "missing_lines": [2090, 2108, 2114, 2116], "excluded_lines": []}, "IterationModule._show_setup_required_message": {"executed_lines": [], "summary": {"covered_lines": 0, "num_statements": 4, "percent_covered": 0.0, "percent_covered_display": "0", "missing_lines": 4, "excluded_lines": 0}, "missing_lines": [2120, 2138, 2142, 2144], "excluded_lines": []}, "IterationModule._show_iteration_help": {"executed_lines": [], "summary": {"covered_lines": 0, "num_statements": 4, "percent_covered": 0.0, "percent_covered_display": "0", "missing_lines": 4, "excluded_lines": 0}, "missing_lines": [2148, 2175, 2181, 2183], "excluded_lines": []}, "IterationModule.handle_callback_query": {"executed_lines": [], "summary": {"covered_lines": 0, "num_statements": 36, "percent_covered": 0.0, "percent_covered_display": "0", "missing_lines": 36, "excluded_lines": 0}, "missing_lines": [2187, 2188, 2190, 2191, 2192, 2193, 2194, 2195, 2196, 2197, 2198, 2199, 2200, 2201, 2202, 2203, 2204, 2205, 2206, 2207, 2208, 2209, 2210, 2211, 2212, 2213, 2214, 2215, 2216, 2217, 2218, 2219, 2220, 2221, 2222, 2223], "excluded_lines": []}, "IterationModule._show_feedback_form": {"executed_lines": [], "summary": {"covered_lines": 0, "num_statements": 2, "percent_covered": 0.0, "percent_covered_display": "0", "missing_lines": 2, "excluded_lines": 0}, "missing_lines": [2227, 2246], "excluded_lines": []}, "IterationModule._show_schedule_options": {"executed_lines": [], "summary": {"covered_lines": 0, "num_statements": 4, "percent_covered": 0.0, "percent_covered_display": "0", "missing_lines": 4, "excluded_lines": 0}, "missing_lines": [2250, 2267, 2273, 2275], "excluded_lines": []}, "IterationModule._show_content_history": {"executed_lines": [], "summary": {"covered_lines": 0, "num_statements": 12, "percent_covered": 0.0, "percent_covered_display": "0", "missing_lines": 12, "excluded_lines": 0}, "missing_lines": [2279, 2282, 2284, 2285, 2306, 2315, 2316, 2321, 2322, 2324, 2329, 2331], "excluded_lines": []}, "IterationModule._show_preference_update": {"executed_lines": [], "summary": {"covered_lines": 0, "num_statements": 4, "percent_covered": 0.0, "percent_covered_display": "0", "missing_lines": 4, "excluded_lines": 0}, "missing_lines": [2335, 2354, 2360, 2362], "excluded_lines": []}, "IterationModule._show_support_contact": {"executed_lines": [], "summary": {"covered_lines": 0, "num_statements": 4, "percent_covered": 0.0, "percent_covered_display": "0", "missing_lines": 4, "excluded_lines": 0}, "missing_lines": [2366, 2391, 2396, 2398], "excluded_lines": []}, "": {"executed_lines": [1, 6, 7, 8, 9, 10, 11, 12, 14, 16, 17, 122, 151, 200, 246, 288, 310, 332, 376, 412, 454, 475, 509, 541, 587, 630, 666, 710, 747, 782, 817, 839, 878, 922, 957, 979, 1000, 1034, 1056, 1078, 1103, 1127, 1162, 1197, 1218, 1239, 1263, 1286, 1309, 1338, 1374, 1412, 1428, 1441, 1459, 1492, 1511, 1532, 1672, 1718, 1790, 1899, 1920, 1931, 1955, 1995, 2004, 2015, 2032, 2037, 2088, 2118, 2146, 2185, 2225, 2248, 2277, 2333, 2364], "summary": {"covered_lines": 78, "num_statements": 78, "percent_covered": 100.0, "percent_covered_display": "100", "missing_lines": 0, "excluded_lines": 0}, "missing_lines": [], "excluded_lines": []}}, "classes": {"IterationModule": {"executed_lines": [], "summary": {"covered_lines": 0, "num_statements": 646, "percent_covered": 0.0, "percent_covered_display": "0", "missing_lines": 646, "excluded_lines": 0}, "missing_lines": [18, 19, 20, 23, 45, 67, 79, 101, 124, 125, 128, 129, 132, 133, 134, 135, 136, 137, 138, 139, 140, 141, 142, 143, 144, 145, 146, 147, 149, 153, 155, 156, 157, 158, 161, 162, 163, 164, 165, 167, 168, 169, 172, 173, 174, 175, 178, 181, 184, 191, 193, 194, 196, 197, 198, 202, 204, 205, 208, 209, 210, 213, 214, 215, 216, 217, 218, 220, 222, 223, 224, 226, 227, 230, 231, 232, 233, 234, 235, 236, 237, 240, 242, 243, 244, 248, 249, 252, 253, 256, 257, 260, 286, 290, 292, 297, 300, 307, 308, 312, 314, 315, 316, 323, 324, 327, 329, 330, 334, 335, 337, 338, 341, 349, 355, 374, 378, 379, 381, 382, 383, 384, 387, 393, 401, 407, 410, 415, 416, 417, 420, 421, 423, 446, 450, 452, 456, 458, 459, 460, 463, 464, 467, 470, 472, 473, 477, 478, 479, 482, 486, 507, 511, 533, 537, 539, 543, 544, 547, 548, 549, 550, 553, 554, 557, 558, 559, 561, 579, 583, 585, 589, 590, 592, 593, 594, 597, 598, 599, 600, 601, 603, 622, 626, 628, 632, 633, 634, 636, 656, 662, 664, 668, 670, 671, 672, 673, 675, 676, 677, 678, 681, 682, 683, 684, 687, 689, 691, 692, 694, 696, 699, 701, 703, 704, 706, 707, 708, 712, 714, 715, 719, 722, 723, 725, 726, 729, 732, 744, 745, 749, 751, 752, 755, 758, 760, 761, 764, 767, 779, 780, 784, 786, 787, 790, 793, 795, 796, 799, 802, 814, 815, 819, 821, 822, 823, 825, 828, 834, 836, 837, 841, 843, 844, 845, 847, 848, 849, 852, 853, 854, 855, 858, 861, 864, 871, 873, 875, 876, 880, 882, 883, 886, 887, 888, 891, 892, 893, 894, 895, 896, 898, 900, 901, 902, 903, 904, 906, 907, 908, 909, 910, 911, 912, 913, 916, 918, 919, 920, 924, 925, 928, 931, 932, 935, 955, 959, 961, 966, 969, 976, 977, 981, 983, 984, 986, 988, 991, 995, 997, 998, 1002, 1004, 1005, 1006, 1007, 1009, 1012, 1015, 1016, 1018, 1019, 1022, 1025, 1026, 1027, 1029, 1031, 1032, 1036, 1038, 1039, 1040, 1042, 1045, 1051, 1053, 1054, 1058, 1060, 1061, 1062, 1064, 1067, 1073, 1075, 1076, 1080, 1082, 1083, 1086, 1089, 1092, 1098, 1100, 1101, 1105, 1107, 1108, 1111, 1114, 1117, 1122, 1124, 1125, 1130, 1131, 1134, 1135, 1136, 1138, 1160, 1165, 1166, 1169, 1170, 1171, 1173, 1195, 1199, 1201, 1205, 1208, 1215, 1216, 1220, 1222, 1226, 1229, 1236, 1237, 1241, 1244, 1248, 1261, 1265, 1268, 1272, 1284, 1288, 1291, 1295, 1307, 1311, 1314, 1315, 1317, 1318, 1319, 1321, 1336, 1340, 1343, 1352, 1353, 1356, 1360, 1372, 1376, 1379, 1388, 1393, 1410, 1414, 1417, 1418, 1419, 1420, 1423, 1426, 1430, 1433, 1436, 1439, 1443, 1446, 1447, 1449, 1450, 1451, 1454, 1457, 1461, 1464, 1465, 1466, 1467, 1470, 1482, 1488, 1490, 1495, 1496, 1498, 1499, 1500, 1503, 1506, 1509, 1514, 1515, 1518, 1521, 1522, 1523, 1524, 1525, 1526, 1528, 1530, 1535, 1536, 1539, 1540, 1555, 1556, 1623, 1670, 1674, 1675, 1677, 1678, 1692, 1716, 1720, 1721, 1723, 1724, 1741, 1788, 1792, 1793, 1795, 1796, 1821, 1897, 1902, 1912, 1916, 1918, 1923, 1924, 1927, 1929, 1934, 1937, 1938, 1939, 1940, 1942, 1945, 1946, 1947, 1948, 1951, 1953, 1957, 1960, 1963, 1964, 1966, 1986, 1991, 1993, 1997, 2002, 2006, 2007, 2008, 2009, 2010, 2011, 2013, 2017, 2018, 2020, 2022, 2023, 2025, 2026, 2027, 2028, 2030, 2035, 2039, 2040, 2052, 2053, 2066, 2079, 2084, 2086, 2090, 2108, 2114, 2116, 2120, 2138, 2142, 2144, 2148, 2175, 2181, 2183, 2187, 2188, 2190, 2191, 2192, 2193, 2194, 2195, 2196, 2197, 2198, 2199, 2200, 2201, 2202, 2203, 2204, 2205, 2206, 2207, 2208, 2209, 2210, 2211, 2212, 2213, 2214, 2215, 2216, 2217, 2218, 2219, 2220, 2221, 2222, 2223, 2227, 2246, 2250, 2267, 2273, 2275, 2279, 2282, 2284, 2285, 2306, 2315, 2316, 2321, 2322, 2324, 2329, 2331, 2335, 2354, 2360, 2362, 2366, 2391, 2396, 2398], "excluded_lines": []}, "": {"executed_lines": [1, 6, 7, 8, 9, 10, 11, 12, 14, 16, 17, 122, 151, 200, 246, 288, 310, 332, 376, 412, 454, 475, 509, 541, 587, 630, 666, 710, 747, 782, 817, 839, 878, 922, 957, 979, 1000, 1034, 1056, 1078, 1103, 1127, 1162, 1197, 1218, 1239, 1263, 1286, 1309, 1338, 1374, 1412, 1428, 1441, 1459, 1492, 1511, 1532, 1672, 1718, 1790, 1899, 1920, 1931, 1955, 1995, 2004, 2015, 2032, 2037, 2088, 2118, 2146, 2185, 2225, 2248, 2277, 2333, 2364], "summary": {"covered_lines": 78, "num_statements": 78, "percent_covered": 100.0, "percent_covered_display": "100", "missing_lines": 0, "excluded_lines": 0}, "missing_lines": [], "excluded_lines": []}}}, "modules/monitoring.py": {"executed_lines": [1, 6, 7, 8, 9, 10, 11, 12, 13, 14, 15, 17, 19, 20, 22, 33, 59, 86, 111, 146, 195, 223, 291, 303], "summary": {"covered_lines": 22, "num_statements": 131, "percent_covered": 16.793893129770993, "percent_covered_display": "17", "missing_lines": 109, "excluded_lines": 0}, "missing_lines": [23, 24, 25, 35, 36, 44, 53, 54, 56, 57, 61, 63, 64, 65, 67, 78, 81, 83, 84, 88, 89, 92, 93, 96, 97, 100, 101, 104, 105, 106, 108, 109, 113, 115, 118, 119, 120, 123, 126, 128, 140, 142, 143, 144, 148, 150, 151, 154, 155, 158, 159, 162, 163, 165, 166, 169, 170, 171, 173, 189, 191, 192, 193, 197, 198, 200, 208, 211, 212, 220, 221, 225, 227, 228, 231, 234, 235, 238, 242, 245, 249, 252, 256, 258, 285, 287, 288, 289, 293, 294, 295, 297, 298, 300, 301, 305, 307, 308, 309, 310, 311, 312, 315, 316, 318, 327, 329, 330, 331], "excluded_lines": [], "functions": {"MonitoringManager.__init__": {"executed_lines": [], "summary": {"covered_lines": 0, "num_statements": 3, "percent_covered": 0.0, "percent_covered_display": "0", "missing_lines": 3, "excluded_lines": 0}, "missing_lines": [23, 24, 25], "excluded_lines": []}, "MonitoringManager.log_user_activity": {"executed_lines": [], "summary": {"covered_lines": 0, "num_statements": 7, "percent_covered": 0.0, "percent_covered_display": "0", "missing_lines": 7, "excluded_lines": 0}, "missing_lines": [35, 36, 44, 53, 54, 56, 57], "excluded_lines": []}, "MonitoringManager.log_system_metrics": {"executed_lines": [], "summary": {"covered_lines": 0, "num_statements": 9, "percent_covered": 0.0, "percent_covered_display": "0", "missing_lines": 9, "excluded_lines": 0}, "missing_lines": [61, 63, 64, 65, 67, 78, 81, 83, 84], "excluded_lines": []}, "MonitoringManager._check_system_alerts": {"executed_lines": [], "summary": {"covered_lines": 0, "num_statements": 13, "percent_covered": 0.0, "percent_covered_display": "0", "missing_lines": 13, "excluded_lines": 0}, "missing_lines": [88, 89, 92, 93, 96, 97, 100, 101, 104, 105, 106, 108, 109], "excluded_lines": []}, "MonitoringManager.get_user_statistics": {"executed_lines": [], "summary": {"covered_lines": 0, "num_statements": 12, "percent_covered": 0.0, "percent_covered_display": "0", "missing_lines": 12, "excluded_lines": 0}, "missing_lines": [113, 115, 118, 119, 120, 123, 126, 128, 140, 142, 143, 144], "excluded_lines": []}, "MonitoringManager.get_system_statistics": {"executed_lines": [], "summary": {"covered_lines": 0, "num_statements": 19, "percent_covered": 0.0, "percent_covered_display": "0", "missing_lines": 19, "excluded_lines": 0}, "missing_lines": [148, 150, 151, 154, 155, 158, 159, 162, 163, 165, 166, 169, 170, 171, 173, 189, 191, 192, 193], "excluded_lines": []}, "MonitoringManager.log_error": {"executed_lines": [], "summary": {"covered_lines": 0, "num_statements": 8, "percent_covered": 0.0, "percent_covered_display": "0", "missing_lines": 8, "excluded_lines": 0}, "missing_lines": [197, 198, 200, 208, 211, 212, 220, 221], "excluded_lines": []}, "MonitoringManager.generate_daily_report": {"executed_lines": [], "summary": {"covered_lines": 0, "num_statements": 17, "percent_covered": 0.0, "percent_covered_display": "0", "missing_lines": 17, "excluded_lines": 0}, "missing_lines": [225, 227, 228, 231, 234, 235, 238, 242, 245, 249, 252, 256, 258, 285, 287, 288, 289], "excluded_lines": []}, "MonitoringManager.send_daily_report": {"executed_lines": [], "summary": {"covered_lines": 0, "num_statements": 7, "percent_covered": 0.0, "percent_covered_display": "0", "missing_lines": 7, "excluded_lines": 0}, "missing_lines": [293, 294, 295, 297, 298, 300, 301], "excluded_lines": []}, "MonitoringManager.get_health_status": {"executed_lines": [], "summary": {"covered_lines": 0, "num_statements": 14, "percent_covered": 0.0, "percent_covered_display": "0", "missing_lines": 14, "excluded_lines": 0}, "missing_lines": [305, 307, 308, 309, 310, 311, 312, 315, 316, 318, 327, 329, 330, 331], "excluded_lines": []}, "": {"executed_lines": [1, 6, 7, 8, 9, 10, 11, 12, 13, 14, 15, 17, 19, 20, 22, 33, 59, 86, 111, 146, 195, 223, 291, 303], "summary": {"covered_lines": 22, "num_statements": 22, "percent_covered": 100.0, "percent_covered_display": "100", "missing_lines": 0, "excluded_lines": 0}, "missing_lines": [], "excluded_lines": []}}, "classes": {"MonitoringManager": {"executed_lines": [], "summary": {"covered_lines": 0, "num_statements": 109, "percent_covered": 0.0, "percent_covered_display": "0", "missing_lines": 109, "excluded_lines": 0}, "missing_lines": [23, 24, 25, 35, 36, 44, 53, 54, 56, 57, 61, 63, 64, 65, 67, 78, 81, 83, 84, 88, 89, 92, 93, 96, 97, 100, 101, 104, 105, 106, 108, 109, 113, 115, 118, 119, 120, 123, 126, 128, 140, 142, 143, 144, 148, 150, 151, 154, 155, 158, 159, 162, 163, 165, 166, 169, 170, 171, 173, 189, 191, 192, 193, 197, 198, 200, 208, 211, 212, 220, 221, 225, 227, 228, 231, 234, 235, 238, 242, 245, 249, 252, 256, 258, 285, 287, 288, 289, 293, 294, 295, 297, 298, 300, 301, 305, 307, 308, 309, 310, 311, 312, 315, 316, 318, 327, 329, 330, 331], "excluded_lines": []}, "": {"executed_lines": [1, 6, 7, 8, 9, 10, 11, 12, 13, 14, 15, 17, 19, 20, 22, 33, 59, 86, 111, 146, 195, 223, 291, 303], "summary": {"covered_lines": 22, "num_statements": 22, "percent_covered": 100.0, "percent_covered_display": "100", "missing_lines": 0, "excluded_lines": 0}, "missing_lines": [], "excluded_lines": []}}}, "modules/onboarding.py": {"executed_lines": [1, 6, 7, 8, 9, 10, 11, 13, 15, 16, 31, 44, 78, 109, 150, 172, 209, 242, 261, 293, 315, 334, 367, 391, 428, 501, 518, 546, 558, 573, 599, 622, 649, 662, 701, 722, 761, 789, 809, 836, 862, 900, 919, 958, 983, 1030], "summary": {"covered_lines": 45, "num_statements": 355, "percent_covered": 12.67605633802817, "percent_covered_display": "13", "missing_lines": 310, "excluded_lines": 0}, "missing_lines": [17, 18, 19, 29, 33, 35, 36, 37, 39, 40, 42, 46, 49, 50, 51, 52, 55, 66, 67, 70, 71, 74, 75, 76, 80, 81, 84, 85, 88, 89, 90, 91, 92, 93, 94, 95, 96, 97, 98, 99, 102, 103, 104, 107, 111, 112, 114, 115, 116, 118, 119, 131, 143, 144, 146, 147, 148, 152, 167, 168, 170, 174, 200, 205, 207, 211, 212, 213, 215, 216, 228, 240, 244, 247, 249, 251, 256, 257, 259, 263, 266, 269, 271, 272, 274, 275, 278, 287, 288, 289, 291, 295, 313, 317, 332, 336, 337, 338, 339, 340, 342, 358, 363, 365, 369, 383, 387, 389, 393, 396, 402, 404, 406, 408, 410, 418, 419, 422, 424, 425, 426, 430, 432, 433, 441, 444, 445, 446, 449, 472, 473, 476, 477, 479, 480, 482, 490, 497, 498, 499, 503, 516, 520, 536, 537, 544, 548, 550, 552, 553, 556, 560, 562, 564, 568, 571, 575, 597, 601, 614, 618, 620, 624, 644, 645, 647, 651, 654, 660, 664, 691, 696, 698, 699, 703, 715, 716, 719, 720, 724, 727, 738, 740, 741, 744, 752, 753, 755, 756, 759, 763, 784, 785, 787, 791, 807, 811, 813, 815, 817, 819, 827, 828, 830, 832, 833, 834, 838, 840, 843, 844, 845, 846, 849, 850, 851, 852, 855, 856, 857, 858, 860, 865, 866, 867, 868, 869, 870, 871, 872, 873, 874, 875, 876, 877, 878, 879, 880, 881, 882, 883, 884, 885, 888, 889, 892, 894, 902, 914, 915, 917, 921, 922, 923, 924, 925, 926, 929, 931, 950, 954, 956, 960, 963, 966, 968, 976, 979, 980, 981, 985, 986, 988, 990, 991, 992, 993, 994, 997, 1000, 1001, 1004, 1005, 1006, 1007, 1008, 1009, 1010, 1011, 1012, 1013, 1014, 1015, 1016, 1017, 1018, 1019, 1020, 1021, 1022, 1023, 1024, 1025, 1026, 1027, 1028, 1032, 1050, 1051, 1053], "excluded_lines": [], "functions": {"OnboardingModule.__init__": {"executed_lines": [], "summary": {"covered_lines": 0, "num_statements": 4, "percent_covered": 0.0, "percent_covered_display": "0", "missing_lines": 4, "excluded_lines": 0}, "missing_lines": [17, 18, 19, 29], "excluded_lines": []}, "OnboardingModule._send_message": {"executed_lines": [], "summary": {"covered_lines": 0, "num_statements": 7, "percent_covered": 0.0, "percent_covered_display": "0", "missing_lines": 7, "excluded_lines": 0}, "missing_lines": [33, 35, 36, 37, 39, 40, 42], "excluded_lines": []}, "OnboardingModule.start_onboarding": {"executed_lines": [], "summary": {"covered_lines": 0, "num_statements": 13, "percent_covered": 0.0, "percent_covered_display": "0", "missing_lines": 13, "excluded_lines": 0}, "missing_lines": [46, 49, 50, 51, 52, 55, 66, 67, 70, 71, 74, 75, 76], "excluded_lines": []}, "OnboardingModule.handle_message": {"executed_lines": [], "summary": {"covered_lines": 0, "num_statements": 20, "percent_covered": 0.0, "percent_covered_display": "0", "missing_lines": 20, "excluded_lines": 0}, "missing_lines": [80, 81, 84, 85, 88, 89, 90, 91, 92, 93, 94, 95, 96, 97, 98, 99, 102, 103, 104, 107], "excluded_lines": []}, "OnboardingModule._welcome_message": {"executed_lines": [], "summary": {"covered_lines": 0, "num_statements": 13, "percent_covered": 0.0, "percent_covered_display": "0", "missing_lines": 13, "excluded_lines": 0}, "missing_lines": [111, 112, 114, 115, 116, 118, 119, 131, 143, 144, 146, 147, 148], "excluded_lines": []}, "OnboardingModule._explain_purpose": {"executed_lines": [], "summary": {"covered_lines": 0, "num_statements": 4, "percent_covered": 0.0, "percent_covered_display": "0", "missing_lines": 4, "excluded_lines": 0}, "missing_lines": [152, 167, 168, 170], "excluded_lines": []}, "OnboardingModule._show_disclaimer": {"executed_lines": [], "summary": {"covered_lines": 0, "num_statements": 4, "percent_covered": 0.0, "percent_covered_display": "0", "missing_lines": 4, "excluded_lines": 0}, "missing_lines": [174, 200, 205, 207], "excluded_lines": []}, "OnboardingModule._collect_user_age": {"executed_lines": [], "summary": {"covered_lines": 0, "num_statements": 7, "percent_covered": 0.0, "percent_covered_display": "0", "missing_lines": 7, "excluded_lines": 0}, "missing_lines": [211, 212, 213, 215, 216, 228, 240], "excluded_lines": []}, "OnboardingModule._process_age_input": {"executed_lines": [], "summary": {"covered_lines": 0, "num_statements": 7, "percent_covered": 0.0, "percent_covered_display": "0", "missing_lines": 7, "excluded_lines": 0}, "missing_lines": [244, 247, 249, 251, 256, 257, 259], "excluded_lines": []}, "OnboardingModule._extract_age_from_text": {"executed_lines": [], "summary": {"covered_lines": 0, "num_statements": 12, "percent_covered": 0.0, "percent_covered_display": "0", "missing_lines": 12, "excluded_lines": 0}, "missing_lines": [263, 266, 269, 271, 272, 274, 275, 278, 287, 288, 289, 291], "excluded_lines": []}, "OnboardingModule._handle_invalid_age": {"executed_lines": [], "summary": {"covered_lines": 0, "num_statements": 2, "percent_covered": 0.0, "percent_covered_display": "0", "missing_lines": 2, "excluded_lines": 0}, "missing_lines": [295, 313], "excluded_lines": []}, "OnboardingModule._collect_city_info": {"executed_lines": [], "summary": {"covered_lines": 0, "num_statements": 2, "percent_covered": 0.0, "percent_covered_display": "0", "missing_lines": 2, "excluded_lines": 0}, "missing_lines": [317, 332], "excluded_lines": []}, "OnboardingModule._confirm_timezone": {"executed_lines": [], "summary": {"covered_lines": 0, "num_statements": 9, "percent_covered": 0.0, "percent_covered_display": "0", "missing_lines": 9, "excluded_lines": 0}, "missing_lines": [336, 337, 338, 339, 340, 342, 358, 363, 365], "excluded_lines": []}, "OnboardingModule._confirm_messaging": {"executed_lines": [], "summary": {"covered_lines": 0, "num_statements": 4, "percent_covered": 0.0, "percent_covered_display": "0", "missing_lines": 4, "excluded_lines": 0}, "missing_lines": [369, 383, 387, 389], "excluded_lines": []}, "OnboardingModule._process_city_input": {"executed_lines": [], "summary": {"covered_lines": 0, "num_statements": 13, "percent_covered": 0.0, "percent_covered_display": "0", "missing_li
[...]
d_lines": 0}, "missing_lines": [131, 134, 136, 137, 138, 141, 142, 143, 144, 146], "excluded_lines": []}, "SubscriptionModule._show_upgrade_options": {"executed_lines": [], "summary": {"covered_lines": 0, "num_statements": 11, "percent_covered": 0.0, "percent_covered_display": "0", "missing_lines": 11, "excluded_lines": 0}, "missing_lines": [150, 152, 153, 181, 187, 188, 210, 216, 233, 239, 240], "excluded_lines": []}, "SubscriptionModule._show_downgrade_options": {"executed_lines": [], "summary": {"covered_lines": 0, "num_statements": 11, "percent_covered": 0.0, "percent_covered_display": "0", "missing_lines": 11, "excluded_lines": 0}, "missing_lines": [244, 246, 247, 274, 280, 281, 301, 307, 324, 330, 331], "excluded_lines": []}, "SubscriptionModule._show_change_options": {"executed_lines": [], "summary": {"covered_lines": 0, "num_statements": 5, "percent_covered": 0.0, "percent_covered_display": "0", "missing_lines": 5, "excluded_lines": 0}, "missing_lines": [335, 337, 352, 358, 360], "excluded_lines": []}, "SubscriptionModule._handle_subscription_cancellation": {"executed_lines": [], "summary": {"covered_lines": 0, "num_statements": 9, "percent_covered": 0.0, "percent_covered_display": "0", "missing_lines": 9, "excluded_lines": 0}, "missing_lines": [364, 367, 369, 370, 371, 373, 392, 398, 400], "excluded_lines": []}, "SubscriptionModule._show_subscription_help": {"executed_lines": [], "summary": {"covered_lines": 0, "num_statements": 4, "percent_covered": 0.0, "percent_covered_display": "0", "missing_lines": 4, "excluded_lines": 0}, "missing_lines": [404, 427, 433, 435], "excluded_lines": []}, "SubscriptionModule._get_plan_features": {"executed_lines": [], "summary": {"covered_lines": 0, "num_statements": 3, "percent_covered": 0.0, "percent_covered_display": "0", "missing_lines": 3, "excluded_lines": 0}, "missing_lines": [439, 463, 464], "excluded_lines": []}, "SubscriptionModule.handle_callback_query": {"executed_lines": [], "summary": {"covered_lines": 0, "num_statements": 28, "percent_covered": 0.0, "percent_covered_display": "0", "missing_lines": 28, "excluded_lines": 0}, "missing_lines": [468, 469, 471, 472, 473, 474, 475, 476, 477, 478, 479, 480, 481, 482, 483, 484, 485, 486, 487, 488, 489, 490, 491, 492, 493, 494, 495, 496], "excluded_lines": []}, "SubscriptionModule._show_detailed_status": {"executed_lines": [], "summary": {"covered_lines": 0, "num_statements": 13, "percent_covered": 0.0, "percent_covered_display": "0", "missing_lines": 13, "excluded_lines": 0}, "missing_lines": [500, 503, 504, 505, 507, 508, 509, 512, 513, 515, 541, 547, 549], "excluded_lines": []}, "SubscriptionModule._show_billing_info": {"executed_lines": [], "summary": {"covered_lines": 0, "num_statements": 9, "percent_covered": 0.0, "percent_covered_display": "0", "missing_lines": 9, "excluded_lines": 0}, "missing_lines": [553, 556, 558, 559, 560, 562, 587, 593, 595], "excluded_lines": []}, "SubscriptionModule._show_usage_report": {"executed_lines": [], "summary": {"covered_lines": 0, "num_statements": 11, "percent_covered": 0.0, "percent_covered_display": "0", "missing_lines": 11, "excluded_lines": 0}, "missing_lines": [599, 602, 604, 605, 627, 628, 629, 631, 655, 660, 662], "excluded_lines": []}, "SubscriptionModule._show_plan_comparison": {"executed_lines": [], "summary": {"covered_lines": 0, "num_statements": 4, "percent_covered": 0.0, "percent_covered_display": "0", "missing_lines": 4, "excluded_lines": 0}, "missing_lines": [666, 687, 693, 695], "excluded_lines": []}, "SubscriptionModule._keep_current_plan": {"executed_lines": [], "summary": {"covered_lines": 0, "num_statements": 4, "percent_covered": 0.0, "percent_covered_display": "0", "missing_lines": 4, "excluded_lines": 0}, "missing_lines": [699, 713, 718, 720], "excluded_lines": []}, "SubscriptionModule._confirm_cancellation": {"executed_lines": [], "summary": {"covered_lines": 0, "num_statements": 5, "percent_covered": 0.0, "percent_covered_display": "0", "missing_lines": 5, "excluded_lines": 0}, "missing_lines": [724, 730, 748, 753, 755], "excluded_lines": []}, "SubscriptionModule._pause_subscription": {"executed_lines": [], "summary": {"covered_lines": 0, "num_statements": 4, "percent_covered": 0.0, "percent_covered_display": "0", "missing_lines": 4, "excluded_lines": 0}, "missing_lines": [759, 782, 787, 789], "excluded_lines": []}, "SubscriptionModule._show_support_contact": {"executed_lines": [], "summary": {"covered_lines": 0, "num_statements": 4, "percent_covered": 0.0, "percent_covered_display": "0", "missing_lines": 4, "excluded_lines": 0}, "missing_lines": [793, 818, 823, 825], "excluded_lines": []}, "SubscriptionModule._get_plan_price": {"executed_lines": [], "summary": {"covered_lines": 0, "num_statements": 2, "percent_covered": 0.0, "percent_covered_display": "0", "missing_lines": 2, "excluded_lines": 0}, "missing_lines": [829, 834], "excluded_lines": []}, "": {"executed_lines": [1, 6, 7, 8, 9, 10, 12, 14, 15, 19, 32, 47, 97, 129, 148, 242, 333, 362, 402, 437, 466, 498, 551, 597, 664, 697, 722, 757, 791, 827], "summary": {"covered_lines": 29, "num_statements": 29, "percent_covered": 100.0, "percent_covered_display": "100", "missing_lines": 0, "excluded_lines": 0}, "missing_lines": [], "excluded_lines": []}}, "classes": {"SubscriptionModule": {"executed_lines": [], "summary": {"covered_lines": 0, "num_statements": 173, "percent_covered": 0.0, "percent_covered_display": "0", "missing_lines": 173, "excluded_lines": 0}, "missing_lines": [16, 17, 21, 22, 25, 27, 28, 30, 34, 35, 38, 39, 40, 41, 42, 43, 45, 49, 52, 53, 56, 57, 58, 59, 60, 61, 63, 64, 66, 86, 93, 95, 99, 118, 125, 127, 131, 134, 136, 137, 138, 141, 142, 143, 144, 146, 150, 152, 153, 181, 187, 188, 210, 216, 233, 239, 240, 244, 246, 247, 274, 280, 281, 301, 307, 324, 330, 331, 335, 337, 352, 358, 360, 364, 367, 369, 370, 371, 373, 392, 398, 400, 404, 427, 433, 435, 439, 463, 464, 468, 469, 471, 472, 473, 474, 475, 476, 477, 478, 479, 480, 481, 482, 483, 484, 485, 486, 487, 488, 489, 490, 491, 492, 493, 494, 495, 496, 500, 503, 504, 505, 507, 508, 509, 512, 513, 515, 541, 547, 549, 553, 556, 558, 559, 560, 562, 587, 593, 595, 599, 602, 604, 605, 627, 628, 629, 631, 655, 660, 662, 666, 687, 693, 695, 699, 713, 718, 720, 724, 730, 748, 753, 755, 759, 782, 787, 789, 793, 818, 823, 825, 829, 834], "excluded_lines": []}, "": {"executed_lines": [1, 6, 7, 8, 9, 10, 12, 14, 15, 19, 32, 47, 97, 129, 148, 242, 333, 362, 402, 437, 466, 498, 551, 597, 664, 697, 722, 757, 791, 827], "summary": {"covered_lines": 29, "num_statements": 29, "percent_covered": 100.0, "percent_covered_display": "100", "missing_lines": 0, "excluded_lines": 0}, "missing_lines": [], "excluded_lines": []}}}, "modules/timezone_utils.py": {"executed_lines": [], "summary": {"covered_lines": 0, "num_statements": 67, "percent_covered": 0.0, "percent_covered_display": "0", "missing_lines": 67, "excluded_lines": 0}, "missing_lines": [6, 7, 8, 9, 10, 12, 14, 15, 16, 18, 20, 22, 23, 26, 28, 30, 31, 33, 35, 36, 37, 39, 41, 43, 75, 76, 79, 80, 82, 83, 85, 94, 102, 103, 104, 106, 108, 126, 128, 130, 131, 132, 133, 134, 135, 137, 139, 140, 142, 145, 147, 149, 152, 158, 159, 162, 163, 165, 168, 170, 172, 173, 174, 175, 176, 177, 178], "excluded_lines": [], "functions": {"TimezoneManager.__init__": {"executed_lines": [], "summary": {"covered_lines": 0, "num_statements": 1, "percent_covered": 0.0, "percent_covered_display": "0", "missing_lines": 1, "excluded_lines": 0}, "missing_lines": [16], "excluded_lines": []}, "TimezoneManager.get_timezone_for_city": {"executed_lines": [], "summary": {"covered_lines": 0, "num_statements": 11, "percent_covered": 0.0, "percent_covered_display": "0", "missing_lines": 11, "excluded_lines": 0}, "missing_lines": [20, 22, 23, 26, 28, 30, 31, 33, 35, 36, 37], "excluded_lines": []}, "TimezoneManager._fetch_timezone_from_api": {"executed_lines": [], "summary": {"covered_lines": 0, "num_statements": 13, "percent_covered": 0.0, "percent_covered_display": "0", "missing_lines": 13, "excluded_lines": 0}, "missing_lines": [41, 43, 75, 76, 79, 80, 82, 83, 85, 94, 102, 103, 104], "excluded_lines": []}, "TimezoneManager._get_timezone_display_name": {"executed_lines": [], "summary": {"covered_lines": 0, "num_statements": 2, "percent_covered": 0.0, "percent_covered_display": "0", "missing_lines": 2, "excluded_lines": 0}, "missing_lines": [108, 126], "excluded_lines": []}, "TimezoneManager.get_user_local_time": {"executed_lines": [], "summary": {"covered_lines": 0, "num_statements": 6, "percent_covered": 0.0, "percent_covered_display": "0", "missing_lines": 6, "excluded_lines": 0}, "missing_lines": [130, 131, 132, 133, 134, 135], "excluded_lines": []}, "TimezoneManager.is_comfortable_time": {"executed_lines": [], "summary": {"covered_lines": 0, "num_statements": 4, "percent_covered": 0.0, "percent_covered_display": "0", "missing_lines": 4, "excluded_lines": 0}, "missing_lines": [139, 140, 142, 145], "excluded_lines": []}, "TimezoneManager.get_next_comfortable_time": {"executed_lines": [], "summary": {"covered_lines": 0, "num_statements": 8, "percent_covered": 0.0, "percent_covered_display": "0", "missing_lines": 8, "excluded_lines": 0}, "missing_lines": [149, 152, 158, 159, 162, 163, 165, 168], "excluded_lines": []}, "TimezoneManager.format_time_for_user": {"executed_lines": [], "summary": {"covered_lines": 0, "num_statements": 7, "percent_covered": 0.0, "percent_covered_display": "0", "missing_lines": 7, "excluded_lines": 0}, "missing_lines": [172, 173, 174, 175, 176, 177, 178], "excluded_lines": []}, "": {"executed_lines": [], "summary": {"covered_lines": 0, "num_statements": 15, "percent_covered": 0.0, "percent_covered_display": "0", "missing_lines": 15, "excluded_lines": 0}, "missing_lines": [6, 7, 8, 9, 10, 12, 14, 15, 18, 39, 106, 128, 137, 147, 170], "excluded_lines": []}}, "classes": {"TimezoneManager": {"executed_lines": [], "summary": {"covered_lines": 0, "num_statements": 52, "percent_covered": 0.0, "percent_covered_display": "0", "missing_lines": 52, "excluded_lines": 0}, "missing_lines": [16, 20, 22, 23, 26, 28, 30, 31, 33, 35, 36, 37, 41, 43, 75, 76, 79, 80, 82, 83, 85, 94, 102, 103, 104, 108, 126, 130, 131, 132, 133, 134, 135, 139, 140, 142, 145, 149, 152, 158, 159, 162, 163, 165, 168, 172, 173, 174, 175, 176, 177, 178], "excluded_lines": []}, "": {"executed_lines": [], "summary": {"covered_lines": 0, "num_statements": 15, "percent_covered": 0.0, "percent_covered_display": "0", "missing_lines": 15, "excluded_lines": 0}, "missing_lines": [6, 7, 8, 9, 10, 12, 14, 15, 18, 39, 106, 128, 137, 147, 170], "excluded_lines": []}}}, "modules/user_state.py": {"executed_lines": [1, 6, 7, 8, 10, 12, 13, 14, 15, 16, 17, 18, 19, 20, 22, 23, 24, 34, 38, 40, 44, 46, 48, 49, 51, 53, 55], "summary": {"covered_lines": 25, "num_statements": 40, "percent_covered": 62.5, "percent_covered_display": "62", "missing_lines": 15, "excluded_lines": 0}, "missing_lines": [57, 58, 60, 61, 63, 65, 67, 69, 71, 73, 75, 76, 78, 79, 81], "excluded_lines": [], "functions": {"UserStateManager.__init__": {"executed_lines": [24], "summary": {"covered_lines": 1, "num_statements": 1, "percent_covered": 100.0, "percent_covered_display": "100", "missing_lines": 0, "excluded_lines": 0}, "missing_lines": [], "excluded_lines": []}, "UserStateManager.get_user_state": {"executed_lines": [38], "summary": {"covered_lines": 1, "num_statements": 1, "percent_covered": 100.0, "percent_covered_display": "100", "missing_lines": 0, "excluded_lines": 0}, "missing_lines": [], "excluded_lines": []}, "UserStateManager.set_user_state": {"executed_lines": [44], "summary": {"covered_lines": 1, "num_statements": 1, "percent_covered": 100.0, "percent_covered_display": "100", "missing_lines": 0, "excluded_lines": 0}, "missing_lines": [], "excluded_lines": []}, "UserStateManager.can_transition_to": {"executed_lines": [48, 49], "summary": {"covered_lines": 2, "num_statements": 2, "percent_covered": 100.0, "percent_covered_display": "100", "missing_lines": 0, "excluded_lines": 0}, "missing_lines": [], "excluded_lines": []}, "UserStateManager.get_allowed_transitions": {"executed_lines": [53], "summary": {"covered_lines": 1, "num_statements": 1, "percent_covered": 100.0, "percent_covered_display": "100", "missing_lines": 0, "excluded_lines": 0}, "missing_lines": [], "excluded_lines": []}, "UserStateManager.validate_state_data": {"executed_lines": [], "summary": {"covered_lines": 0, "num_statements": 15, "percent_covered": 0.0, "percent_covered_display": "0", "missing_lines": 15, "excluded_lines": 0}, "missing_lines": [57, 58, 60, 61, 63, 65, 67, 69, 71, 73, 75, 76, 78, 79, 81], "excluded_lines": []}, "": {"executed_lines": [1, 6, 7, 8, 10, 12, 13, 14, 15, 16, 17, 18, 19, 20, 22, 23, 34, 40, 46, 51, 55], "summary": {"covered_lines": 19, "num_statements": 19, "percent_covered": 100.0, "percent_covered_display": "100", "missing_lines": 0, "excluded_lines": 0}, "missing_lines": [], "excluded_lines": []}}, "classes": {"UserState": {"executed_lines": [], "summary": {"covered_lines": 0, "num_statements": 0, "percent_covered": 100.0, "percent_covered_display": "100", "missing_lines": 0, "excluded_lines": 0}, "missing_lines": [], "excluded_lines": []}, "UserStateManager": {"executed_lines": [24, 38, 44, 48, 49, 53], "summary": {"covered_lines": 6, "num_statements": 21, "percent_covered": 28.571428571428573, "percent_covered_display": "29", "missing_lines": 15, "excluded_lines": 0}, "missing_lines": [57, 58, 60, 61, 63, 65, 67, 69, 71, 73, 75, 76, 78, 79, 81], "excluded_lines": []}, "": {"executed_lines": [1, 6, 7, 8, 10, 12, 13, 14, 15, 16, 17, 18, 19, 20, 22, 23, 34, 40, 46, 51, 55], "summary": {"covered_lines": 19, "num_statements": 19, "percent_covered": 100.0, "percent_covered_display": "100", "missing_lines": 0, "excluded_lines": 0}, "missing_lines": [], "excluded_lines": []}}}, "modules/ux_improvements.py": {"executed_lines": [1, 6, 7, 8, 9, 10, 12, 14, 15, 17, 98, 129, 153, 175, 185, 222, 243, 264, 295, 316, 337, 370], "summary": {"covered_lines": 20, "num_statements": 118, "percent_covered": 16.949152542372882, "percent_covered_display": "17", "missing_lines": 98, "excluded_lines": 0}, "missing_lines": [18, 19, 20, 100, 101, 102, 103, 105, 106, 108, 124, 126, 127, 131, 132, 133, 134, 136, 138, 142, 144, 150, 151, 156, 157, 158, 160, 170, 172, 173, 177, 178, 179, 180, 181, 182, 183, 188, 189, 213, 214, 215, 217, 219, 220, 224, 225, 235, 236, 238, 240, 241, 245, 246, 256, 257, 259, 261, 262, 266, 267, 274, 276, 290, 292, 293, 297, 299, 300, 301, 304, 305, 306, 307, 308, 310, 312, 313, 314, 319, 320, 332, 334, 335, 339, 340, 345, 347, 365, 367, 368, 372, 373, 380, 382, 392, 394, 395], "excluded_lines": [], "functions": {"UXManager.__init__": {"executed_lines": [], "summary": {"covered_lines": 0, "num_statements": 3, "percent_covered": 0.0, "percent_covered_display": "0", "missing_lines": 3, "excluded_lines": 0}, "missing_lines": [18, 19, 20], "excluded_lines": []}, "UXManager.show_help_menu": {"executed_lines": [], "summary": {"covered_lines": 0, "num_statements": 10, "percent_covered": 0.0, "percent_covered_display": "0", "missing_lines": 10, "excluded_lines": 0}, "missing_lines": [100, 101, 102, 103, 105, 106, 108, 124, 126, 127], "excluded_lines": []}, "UXManager.show_help_topic": {"executed_lines": [], "summary": {"covered_lines": 0, "num_statements": 10, "percent_covered": 0.0, "percent_covered_display": "0", "missing_lines": 10, "excluded_lines": 0}, "missing_lines": [131, 132, 133, 134, 136, 138, 142, 144, 150, 151], "excluded_lines": []}, "UXManager.show_progress_indicator": {"executed_lines": [], "summary": {"covered_lines": 0, "num_statements": 7, "percent_covered": 0.0, "percent_covered_display": "0", "missing_lines": 7, "excluded_lines": 0}, "missing_lines": [156, 157, 158, 160, 170, 172, 173], "excluded_lines": []}, "UXManager._create_progress_bar": {"executed_lines": [], "summary": {"covered_lines": 0, "num_statements": 7, "percent_covered": 0.0, "percent_covered_display": "0", "missing_lines": 7, "excluded_lines": 0}, "missing_lines": [177, 178, 179, 180, 181, 182, 183], "excluded_lines": []}, "UXManager.show_encouragement_message": {"executed_lines": [], "summary": {"covered_lines": 0, "num_statements": 8, "percent_covered": 0.0, "percent_covered_display": "0", "missing_lines": 8, "excluded_lines": 0}, "missing_lines": [188, 189, 213, 214, 215, 217, 219, 220], "excluded_lines": []}, "UXManager.show_tip_of_the_day": {"executed_lines": [], "summary": {"covered_lines": 0, "num_statements": 7, "percent_covered": 0.0, "percent_covered_display": "0", "missing_lines": 7, "excluded_lines": 0}, "missing_lines": [224, 225, 235, 236, 238, 240, 241], "excluded_lines": []}, "UXManager.show_motivational_quote": {"executed_lines": [], "summary": {"covered_lines": 0, "num_statements": 7, "percent_covered": 0.0, "percent_covered_display": "0", "missing_lines": 7, "excluded_lines": 0}, "missing_lines": [245, 246, 256, 257, 259, 261, 262], "excluded_lines": []}, "UXManager.show_quick_actions_menu": {"executed_lines": [], "summary": {"covered_lines": 0, "num_statements": 7, "percent_covered": 0.0, "percent_covered_display": "0", "missing_lines": 7, "excluded_lines": 0}, "missing_lines": [266, 267, 274, 276, 290, 292, 293], "excluded_lines": []}, "UXManager.personalize_message": {"executed_lines": [], "summary": {"covered_lines": 0, "num_statements": 13, "percent_covered": 0.0, "percent_covered_display": "0", "missing_lines": 13, "excluded_lines": 0}, "missing_lines": [297, 299, 300, 301, 304, 305, 306, 307, 308, 310, 312, 313, 314], "excluded_lines": []}, "UXManager.show_achievement_badge": {"executed_lines": [], "summary": {"covered_lines": 0, "num_statements": 5, "percent_covered": 0.0, "percent_covered_display": "0", "missing_lines": 5, "excluded_lines": 0}, "missing_lines": [319, 320, 332, 334, 335], "excluded_lines": []}, "UXManager.show_reminder_setup": {"executed_lines": [], "summary": {"covered_lines": 0, "num_statements": 7, "percent_covered": 0.0, "percent_covered_display": "0", "missing_lines": 7, "excluded_lines": 0}, "missing_lines": [339, 340, 345, 347, 365, 367, 368], "excluded_lines": []}, "UXManager.show_feedback_request": {"executed_lines": [], "summary": {"covered_lines": 0, "num_statements": 7, "percent_covered": 0.0, "percent_covered_display": "0", "missing_lines": 7, "excluded_lines": 0}, "missing_lines": [372, 373, 380, 382, 392, 394, 395], "excluded_lines": []}, "": {"executed_lines": [1, 6, 7, 8, 9, 10, 12, 14, 15, 17, 98, 129, 153, 175, 185, 222, 243, 264, 295, 316, 337, 370], "summary": {"covered_lines": 20, "num_statements": 20, "percent_covered": 100.0, "percent_covered_display": "100", "missing_lines": 0, "excluded_lines": 0}, "missing_lines": [], "excluded_lines": []}}, "classes": {"UXManager": {"executed_lines": [], "summary": {"covered_lines": 0, "num_statements": 98, "percent_covered": 0.0, "percent_covered_display": "0", "missing_lines": 98, "excluded_lines": 0}, "missing_lines": [18, 19, 20, 100, 101, 102, 103, 105, 106, 108, 124, 126, 127, 131, 132, 133, 134, 136, 138, 142, 144, 150, 151, 156, 157, 158, 160, 170, 172, 173, 177, 178, 179, 180, 181, 182, 183, 188, 189, 213, 214, 215, 217, 219, 220, 224, 225, 235, 236, 238, 240, 241, 245, 246, 256, 257, 259, 261, 262, 266, 267, 274, 276, 290, 292, 293, 297, 299, 300, 301, 304, 305, 306, 307, 308, 310, 312, 313, 314, 319, 320, 332, 334, 335, 339, 340, 345, 347, 365, 367, 368, 372, 373, 380, 382, 392, 394, 395], "excluded_lines": []}, "": {"executed_lines": [1, 6, 7, 8, 9, 10, 12, 14, 15, 17, 98, 129, 153, 175, 185, 222, 243, 264, 295, 316, 337, 370], "summary": {"covered_lines": 20, "num_statements": 20, "percent_covered": 100.0, "percent_covered_display": "100", "missing_lines": 0, "excluded_lines": 0}, "missing_lines": [], "excluded_lines": []}}}}, "totals": {"covered_lines": 610, "num_statements": 4267, "percent_covered": 14.295758143895009, "percent_covered_display": "14", "missing_lines": 3657, "excluded_lines": 0}}